Traceback (most recent call last):
  File "/usr/lib64/python2.7/runpy.py", line 162, in _run_module_as_main
Traceback (most recent call last):
  File "/usr/lib64/python2.7/runpy.py", line 162, in _run_module_as_main
    "__main__", fname, loader, pkg_name)
    "__main__", fname, loader, pkg_name)
  File "/usr/lib64/python2.7/runpy.py", line 72, in _run_code
  File "/usr/lib64/python2.7/runpy.py", line 72, in _run_code
    exec code in run_globals
  File "/home/vini/frappe-bench/apps/frappe/frappe/utils/bench_helper.py", line 94, in <module>
    exec code in run_globals
      File "/home/vini/frappe-bench/apps/frappe/frappe/utils/bench_helper.py", line 94, in <module>
main()
  File "/home/vini/frappe-bench/apps/frappe/frappe/utils/bench_helper.py", line 18, in main
    main()
    click.Group(commands=commands)(prog_name='bench')
  File "/home/vini/frappe-bench/apps/frappe/frappe/utils/bench_helper.py", line 18, in main
  File "/home/vini/frappe-bench/env/lib/python2.7/site-packages/click/core.py", line 722, in __call__
    click.Group(commands=commands)(prog_name='bench')
  File "/home/vini/frappe-bench/env/lib/python2.7/site-packages/click/core.py", line 722, in __call__
    return self.main(*args, **kwargs)
  File "/home/vini/frappe-bench/env/lib/python2.7/site-packages/click/core.py", line 697, in main
    return self.main(*args, **kwargs)
  File "/home/vini/frappe-bench/env/lib/python2.7/site-packages/click/core.py", line 697, in main
    rv = self.invoke(ctx)
  File "/home/vini/frappe-bench/env/lib/python2.7/site-packages/click/core.py", line 1066, in invoke
    rv = self.invoke(ctx)
  File "/home/vini/frappe-bench/env/lib/python2.7/site-packages/click/core.py", line 1066, in invoke
    return _process_result(sub_ctx.command.invoke(sub_ctx))
  File "/home/vini/frappe-bench/env/lib/python2.7/site-packages/click/core.py", line 1066, in invoke
    return _process_result(sub_ctx.command.invoke(sub_ctx))
  File "/home/vini/frappe-bench/env/lib/python2.7/site-packages/click/core.py", line 1066, in invoke
    return _process_result(sub_ctx.command.invoke(sub_ctx))
  File "/home/vini/frappe-bench/env/lib/python2.7/site-packages/click/core.py", line 895, in invoke
    return _process_result(sub_ctx.command.invoke(sub_ctx))
  File "/home/vini/frappe-bench/env/lib/python2.7/site-packages/click/core.py", line 895, in invoke
    return ctx.invoke(self.callback, **ctx.params)
  File "/home/vini/frappe-bench/env/lib/python2.7/site-packages/click/core.py", line 535, in invoke
    return ctx.invoke(self.callback, **ctx.params)
  File "/home/vini/frappe-bench/env/lib/python2.7/site-packages/click/core.py", line 535, in invoke
    return callback(*args, **kwargs)
  File "/home/vini/frappe-bench/env/lib/python2.7/site-packages/click/decorators.py", line 17, in new_func
    return f(get_current_context(), *args, **kwargs)
  File "/home/vini/frappe-bench/apps/frappe/frappe/commands/__init__.py", line 24, in _func
    return callback(*args, **kwargs)
  File "/home/vini/frappe-bench/env/lib/python2.7/site-packages/click/decorators.py", line 17, in new_func
    ret = f(frappe._dict(ctx.obj), *args, **kwargs)
  File "/home/vini/frappe-bench/apps/frappe/frappe/commands/site.py", line 292, in backup
    return f(get_current_context(), *args, **kwargs)
  File "/home/vini/frappe-bench/apps/frappe/frappe/commands/__init__.py", line 24, in _func
    ret = f(frappe._dict(ctx.obj), *args, **kwargs)
  File "/home/vini/frappe-bench/apps/frappe/frappe/commands/site.py", line 292, in backup
    frappe.init(site=site)
  File "/home/vini/frappe-bench/apps/frappe/frappe/__init__.py", line 135, in init
        local.conf = _dict(get_site_config())
frappe.init(site=site)
  File "/home/vini/frappe-bench/apps/frappe/frappe/__init__.py", line 189, in get_site_config
  File "/home/vini/frappe-bench/apps/frappe/frappe/__init__.py", line 135, in init
        local.conf = _dict(get_site_config())
config.update(get_file_json(site_config))
  File "/home/vini/frappe-bench/apps/frappe/frappe/__init__.py", line 189, in get_site_config
  File "/home/vini/frappe-bench/apps/frappe/frappe/__init__.py", line 896, in get_file_json
    config.update(get_file_json(site_config))
  File "/home/vini/frappe-bench/apps/frappe/frappe/__init__.py", line 896, in get_file_json
    return json.load(f)
  File "/usr/lib64/python2.7/json/__init__.py", line 290, in load
    return json.load(f)
  File "/usr/lib64/python2.7/json/__init__.py", line 290, in load
    **kw)
  File "/usr/lib64/python2.7/json/__init__.py", line 338, in loads
    **kw)
  File "/usr/lib64/python2.7/json/__init__.py", line 338, in loads
    return _default_decoder.decode(s)
  File "/usr/lib64/python2.7/json/decoder.py", line 366, in decode
    return _default_decoder.decode(s)
  File "/usr/lib64/python2.7/json/decoder.py", line 366, in decode
    obj, end = self.raw_decode(s, idx=_w(s, 0).end())
  File "/usr/lib64/python2.7/json/decoder.py", line 382, in raw_decode
    obj, end = self.raw_decode(s, idx=_w(s, 0).end())
  File "/usr/lib64/python2.7/json/decoder.py", line 382, in raw_decode
    obj, end = self.scan_once(s, idx)
ValueError: Expecting property name: line 16 column 1 (char 362)
    obj, end = self.scan_once(s, idx)
ValueError: Expecting property name: line 16 column 1 (char 362)
Traceback (most recent call last):
  File "/usr/lib64/python2.7/runpy.py", line 162, in _run_module_as_main
    "__main__", fname, loader, pkg_name)
  File "/usr/lib64/python2.7/runpy.py", line 72, in _run_code
    exec code in run_globals
  File "/home/vini/frappe-bench/apps/frappe/frappe/utils/bench_helper.py", line 94, in <module>
    main()
  File "/home/vini/frappe-bench/apps/frappe/frappe/utils/bench_helper.py", line 18, in main
    click.Group(commands=commands)(prog_name='bench')
  File "/home/vini/frappe-bench/env/lib/python2.7/site-packages/click/core.py", line 722, in __call__
    return self.main(*args, **kwargs)
  File "/home/vini/frappe-bench/env/lib/python2.7/site-packages/click/core.py", line 697, in main
    rv = self.invoke(ctx)
  File "/home/vini/frappe-bench/env/lib/python2.7/site-packages/click/core.py", line 1066, in invoke
    return _process_result(sub_ctx.command.invoke(sub_ctx))
  File "/home/vini/frappe-bench/env/lib/python2.7/site-packages/click/core.py", line 1066, in invoke
    return _process_result(sub_ctx.command.invoke(sub_ctx))
  File "/home/vini/frappe-bench/env/lib/python2.7/site-packages/click/core.py", line 895, in invoke
    return ctx.invoke(self.callback, **ctx.params)
  File "/home/vini/frappe-bench/env/lib/python2.7/site-packages/click/core.py", line 535, in invoke
    return callback(*args, **kwargs)
  File "/home/vini/frappe-bench/env/lib/python2.7/site-packages/click/decorators.py", line 17, in new_func
    return f(get_current_context(), *args, **kwargs)
  File "/home/vini/frappe-bench/apps/frappe/frappe/commands/__init__.py", line 24, in _func
    ret = f(frappe._dict(ctx.obj), *args, **kwargs)
  File "/home/vini/frappe-bench/apps/frappe/frappe/commands/site.py", line 292, in backup
    frappe.init(site=site)
  File "/home/vini/frappe-bench/apps/frappe/frappe/__init__.py", line 135, in init
Traceback (most recent call last):
      File "/usr/lib64/python2.7/runpy.py", line 162, in _run_module_as_main
local.conf = _dict(get_site_config())
  File "/home/vini/frappe-bench/apps/frappe/frappe/__init__.py", line 189, in get_site_config
        "__main__", fname, loader, pkg_name)
config.update(get_file_json(site_config))
  File "/usr/lib64/python2.7/runpy.py", line 72, in _run_code
  File "/home/vini/frappe-bench/apps/frappe/frappe/__init__.py", line 896, in get_file_json
    exec code in run_globals
  File "/home/vini/frappe-bench/apps/frappe/frappe/utils/bench_helper.py", line 94, in <module>
    main()
  File "/home/vini/frappe-bench/apps/frappe/frappe/utils/bench_helper.py", line 18, in main
    click.Group(commands=commands)(prog_name='bench')
  File "/home/vini/frappe-bench/env/lib/python2.7/site-packages/click/core.py", line 722, in __call__
    return json.load(f)
  File "/usr/lib64/python2.7/json/__init__.py", line 290, in load
    **kw)
  File "/usr/lib64/python2.7/json/__init__.py", line 338, in loads
    return self.main(*args, **kwargs)
  File "/home/vini/frappe-bench/env/lib/python2.7/site-packages/click/core.py", line 697, in main
    return _default_decoder.decode(s)
  File "/usr/lib64/python2.7/json/decoder.py", line 366, in decode
    rv = self.invoke(ctx)
      File "/home/vini/frappe-bench/env/lib/python2.7/site-packages/click/core.py", line 1066, in invoke
obj, end = self.raw_decode(s, idx=_w(s, 0).end())
  File "/usr/lib64/python2.7/json/decoder.py", line 382, in raw_decode
    obj, end = self.scan_once(s, idx)
ValueError: Expecting property name: line 16 column 1 (char 362)
    return _process_result(sub_ctx.command.invoke(sub_ctx))
  File "/home/vini/frappe-bench/env/lib/python2.7/site-packages/click/core.py", line 1066, in invoke
    return _process_result(sub_ctx.command.invoke(sub_ctx))
  File "/home/vini/frappe-bench/env/lib/python2.7/site-packages/click/core.py", line 895, in invoke
    return ctx.invoke(self.callback, **ctx.params)
  File "/home/vini/frappe-bench/env/lib/python2.7/site-packages/click/core.py", line 535, in invoke
    return callback(*args, **kwargs)
  File "/home/vini/frappe-bench/env/lib/python2.7/site-packages/click/decorators.py", line 17, in new_func
    return f(get_current_context(), *args, **kwargs)
  File "/home/vini/frappe-bench/apps/frappe/frappe/commands/__init__.py", line 24, in _func
    ret = f(frappe._dict(ctx.obj), *args, **kwargs)
  File "/home/vini/frappe-bench/apps/frappe/frappe/commands/site.py", line 292, in backup
    frappe.init(site=site)
  File "/home/vini/frappe-bench/apps/frappe/frappe/__init__.py", line 135, in init
    local.conf = _dict(get_site_config())
  File "/home/vini/frappe-bench/apps/frappe/frappe/__init__.py", line 189, in get_site_config
    config.update(get_file_json(site_config))
  File "/home/vini/frappe-bench/apps/frappe/frappe/__init__.py", line 896, in get_file_json
    return json.load(f)
  File "/usr/lib64/python2.7/json/__init__.py", line 290, in load
    **kw)
  File "/usr/lib64/python2.7/json/__init__.py", line 338, in loads
    return _default_decoder.decode(s)
  File "/usr/lib64/python2.7/json/decoder.py", line 366, in decode
    obj, end = self.raw_decode(s, idx=_w(s, 0).end())
  File "/usr/lib64/python2.7/json/decoder.py", line 382, in raw_decode
    obj, end = self.scan_once(s, idx)
ValueError: Expecting property name: line 16 column 1 (char 362)
Traceback (most recent call last):
  File "/usr/lib64/python2.7/runpy.py", line 162, in _run_module_as_main
    "__main__", fname, loader, pkg_name)
  File "/usr/lib64/python2.7/runpy.py", line 72, in _run_code
    exec code in run_globals
  File "/home/vini/frappe-bench/apps/frappe/frappe/utils/bench_helper.py", line 94, in <module>
    main()
  File "/home/vini/frappe-bench/apps/frappe/frappe/utils/bench_helper.py", line 18, in main
    click.Group(commands=commands)(prog_name='bench')
  File "/home/vini/frappe-bench/env/lib/python2.7/site-packages/click/core.py", line 722, in __call__
    return self.main(*args, **kwargs)
  File "/home/vini/frappe-bench/env/lib/python2.7/site-packages/click/core.py", line 697, in main
    rv = self.invoke(ctx)
  File "/home/vini/frappe-bench/env/lib/python2.7/site-packages/click/core.py", line 1066, in invoke
    return _process_result(sub_ctx.command.invoke(sub_ctx))
  File "/home/vini/frappe-bench/env/lib/python2.7/site-packages/click/core.py", line 1066, in invoke
    return _process_result(sub_ctx.command.invoke(sub_ctx))
  File "/home/vini/frappe-bench/env/lib/python2.7/site-packages/click/core.py", line 895, in invoke
    return ctx.invoke(self.callback, **ctx.params)
  File "/home/vini/frappe-bench/env/lib/python2.7/site-packages/click/core.py", line 535, in invoke
    return callback(*args, **kwargs)
  File "/home/vini/frappe-bench/env/lib/python2.7/site-packages/click/decorators.py", line 17, in new_func
    return f(get_current_context(), *args, **kwargs)
  File "/home/vini/frappe-bench/apps/frappe/frappe/commands/__init__.py", line 24, in _func
    ret = f(frappe._dict(ctx.obj), *args, **kwargs)
  File "/home/vini/frappe-bench/apps/frappe/frappe/commands/site.py", line 292, in backup
    frappe.init(site=site)
  File "/home/vini/frappe-bench/apps/frappe/frappe/__init__.py", line 135, in init
    local.conf = _dict(get_site_config())
  File "/home/vini/frappe-bench/apps/frappe/frappe/__init__.py", line 189, in get_site_config
    config.update(get_file_json(site_config))
  File "/home/vini/frappe-bench/apps/frappe/frappe/__init__.py", line 896, in get_file_json
    return json.load(f)
  File "/usr/lib64/python2.7/json/__init__.py", line 290, in load
    **kw)
  File "/usr/lib64/python2.7/json/__init__.py", line 338, in loads
    return _default_decoder.decode(s)
  File "/usr/lib64/python2.7/json/decoder.py", line 366, in decode
    obj, end = self.raw_decode(s, idx=_w(s, 0).end())
  File "/usr/lib64/python2.7/json/decoder.py", line 382, in raw_decode
    obj, end = self.scan_once(s, idx)
ValueError: Expecting property name: line 16 column 1 (char 362)
Traceback (most recent call last):
  File "/usr/lib64/python2.7/runpy.py", line 162, in _run_module_as_main
    "__main__", fname, loader, pkg_name)
  File "/usr/lib64/python2.7/runpy.py", line 72, in _run_code
    exec code in run_globals
  File "/home/vini/frappe-bench/apps/frappe/frappe/utils/bench_helper.py", line 94, in <module>
    main()
  File "/home/vini/frappe-bench/apps/frappe/frappe/utils/bench_helper.py", line 18, in main
    click.Group(commands=commands)(prog_name='bench')
  File "/home/vini/frappe-bench/env/lib/python2.7/site-packages/click/core.py", line 722, in __call__
    return self.main(*args, **kwargs)
  File "/home/vini/frappe-bench/env/lib/python2.7/site-packages/click/core.py", line 697, in main
    rv = self.invoke(ctx)
  File "/home/vini/frappe-bench/env/lib/python2.7/site-packages/click/core.py", line 1066, in invoke
    return _process_result(sub_ctx.command.invoke(sub_ctx))
  File "/home/vini/frappe-bench/env/lib/python2.7/site-packages/click/core.py", line 1066, in invoke
    return _process_result(sub_ctx.command.invoke(sub_ctx))
  File "/home/vini/frappe-bench/env/lib/python2.7/site-packages/click/core.py", line 895, in invoke
    return ctx.invoke(self.callback, **ctx.params)
  File "/home/vini/frappe-bench/env/lib/python2.7/site-packages/click/core.py", line 535, in invoke
    return callback(*args, **kwargs)
  File "/home/vini/frappe-bench/env/lib/python2.7/site-packages/click/decorators.py", line 17, in new_func
    return f(get_current_context(), *args, **kwargs)
  File "/home/vini/frappe-bench/apps/frappe/frappe/commands/__init__.py", line 24, in _func
    ret = f(frappe._dict(ctx.obj), *args, **kwargs)
  File "/home/vini/frappe-bench/apps/frappe/frappe/commands/site.py", line 292, in backup
    frappe.init(site=site)
  File "/home/vini/frappe-bench/apps/frappe/frappe/__init__.py", line 135, in init
    local.conf = _dict(get_site_config())
  File "/home/vini/frappe-bench/apps/frappe/frappe/__init__.py", line 189, in get_site_config
    config.update(get_file_json(site_config))
  File "/home/vini/frappe-bench/apps/frappe/frappe/__init__.py", line 896, in get_file_json
    return json.load(f)
  File "/usr/lib64/python2.7/json/__init__.py", line 290, in load
    **kw)
  File "/usr/lib64/python2.7/json/__init__.py", line 338, in loads
    return _default_decoder.decode(s)
  File "/usr/lib64/python2.7/json/decoder.py", line 366, in decode
    obj, end = self.raw_decode(s, idx=_w(s, 0).end())
  File "/usr/lib64/python2.7/json/decoder.py", line 382, in raw_decode
    obj, end = self.scan_once(s, idx)
ValueError: Expecting property name: line 16 column 1 (char 362)
