[DEBUG] 2018-10-26 08:30:37,915 | /home/vini/frappe-bench/apps/frappe/frappe/utils/scheduler.py:
Site: site1.local
Queued events for site site1.local
[DEBUG] 2018-10-26 08:31:37,997 | /home/vini/frappe-bench/apps/frappe/frappe/utils/scheduler.py:
Site: site1.local
Queued events for site site1.local
[DEBUG] 2018-10-26 08:32:38,095 | /home/vini/frappe-bench/apps/frappe/frappe/utils/scheduler.py:
Site: site1.local
Queued events for site site1.local
[DEBUG] 2018-10-26 08:33:38,179 | /home/vini/frappe-bench/apps/frappe/frappe/utils/scheduler.py:
Site: site1.local
Queued events for site site1.local
[DEBUG] 2018-10-26 08:34:38,263 | /home/vini/frappe-bench/apps/frappe/frappe/utils/scheduler.py:
Site: site1.local
Queued events for site site1.local
[DEBUG] 2018-10-26 08:35:38,346 | /home/vini/frappe-bench/apps/frappe/frappe/utils/scheduler.py:
Site: site1.local
Queued events for site site1.local
[DEBUG] 2018-10-26 08:36:38,447 | /home/vini/frappe-bench/apps/frappe/frappe/utils/scheduler.py:
Site: site1.local
Queued events for site site1.local
[DEBUG] 2018-10-26 08:37:38,528 | /home/vini/frappe-bench/apps/frappe/frappe/utils/scheduler.py:
Site: site1.local
Queued events for site site1.local
[DEBUG] 2018-10-26 08:38:38,610 | /home/vini/frappe-bench/apps/frappe/frappe/utils/scheduler.py:
Site: site1.local
Queued events for site site1.local
[DEBUG] 2018-10-26 08:39:38,693 | /home/vini/frappe-bench/apps/frappe/frappe/utils/scheduler.py:
Site: site1.local
Queued events for site site1.local
[DEBUG] 2018-10-26 08:40:38,792 | /home/vini/frappe-bench/apps/frappe/frappe/utils/scheduler.py:
Site: site1.local
Queued events for site site1.local
[DEBUG] 2018-10-26 08:41:38,875 | /home/vini/frappe-bench/apps/frappe/frappe/utils/scheduler.py:
Site: site1.local
Queued events for site site1.local
[DEBUG] 2018-10-26 08:42:38,958 | /home/vini/frappe-bench/apps/frappe/frappe/utils/scheduler.py:
Site: site1.local
Queued events for site site1.local
[DEBUG] 2018-10-26 08:43:39,039 | /home/vini/frappe-bench/apps/frappe/frappe/utils/scheduler.py:
Site: site1.local
Queued events for site site1.local
[DEBUG] 2018-10-26 08:44:39,139 | /home/vini/frappe-bench/apps/frappe/frappe/utils/scheduler.py:
Site: site1.local
Queued events for site site1.local
[DEBUG] 2018-10-26 08:45:39,223 | /home/vini/frappe-bench/apps/frappe/frappe/utils/scheduler.py:
Site: site1.local
Queued events for site site1.local
[DEBUG] 2018-10-26 08:46:39,307 | /home/vini/frappe-bench/apps/frappe/frappe/utils/scheduler.py:
Site: site1.local
Queued events for site site1.local
[DEBUG] 2018-10-26 08:47:39,390 | /home/vini/frappe-bench/apps/frappe/frappe/utils/scheduler.py:
Site: site1.local
Queued events for site site1.local
[DEBUG] 2018-10-26 08:48:39,507 | /home/vini/frappe-bench/apps/frappe/frappe/utils/scheduler.py:
Site: site1.local
Queued events for site site1.local
[DEBUG] 2018-10-26 08:49:39,589 | /home/vini/frappe-bench/apps/frappe/frappe/utils/scheduler.py:
Site: site1.local
Queued events for site site1.local
[DEBUG] 2018-10-26 08:50:39,674 | /home/vini/frappe-bench/apps/frappe/frappe/utils/scheduler.py:
Site: site1.local
Queued events for site site1.local
[DEBUG] 2018-10-26 08:51:39,759 | /home/vini/frappe-bench/apps/frappe/frappe/utils/scheduler.py:
Site: site1.local
Queued events for site site1.local
[DEBUG] 2018-10-26 08:52:39,858 | /home/vini/frappe-bench/apps/frappe/frappe/utils/scheduler.py:
Site: site1.local
Queued events for site site1.local
[DEBUG] 2018-10-26 08:53:39,940 | /home/vini/frappe-bench/apps/frappe/frappe/utils/scheduler.py:
Site: site1.local
Queued events for site site1.local
[DEBUG] 2018-10-26 08:54:40,024 | /home/vini/frappe-bench/apps/frappe/frappe/utils/scheduler.py:
Site: site1.local
Queued events for site site1.local
[DEBUG] 2018-10-26 08:55:40,108 | /home/vini/frappe-bench/apps/frappe/frappe/utils/scheduler.py:
Site: site1.local
Queued events for site site1.local
[DEBUG] 2018-10-26 08:56:40,207 | /home/vini/frappe-bench/apps/frappe/frappe/utils/scheduler.py:
Site: site1.local
Queued events for site site1.local
[DEBUG] 2018-10-26 08:57:40,290 | /home/vini/frappe-bench/apps/frappe/frappe/utils/scheduler.py:
Site: site1.local
Queued events for site site1.local
[DEBUG] 2018-10-26 08:58:40,370 | /home/vini/frappe-bench/apps/frappe/frappe/utils/scheduler.py:
Site: site1.local
Queued events for site site1.local
[DEBUG] 2018-10-26 08:59:40,454 | /home/vini/frappe-bench/apps/frappe/frappe/utils/scheduler.py:
Site: site1.local
Queued events for site site1.local
[DEBUG] 2018-10-26 09:00:40,575 | /home/vini/frappe-bench/apps/frappe/frappe/utils/scheduler.py:
Site: site1.local
Queued events for site site1.local
[DEBUG] 2018-10-26 09:01:40,658 | /home/vini/frappe-bench/apps/frappe/frappe/utils/scheduler.py:
Site: site1.local
Queued events for site site1.local
[DEBUG] 2018-10-26 09:02:40,742 | /home/vini/frappe-bench/apps/frappe/frappe/utils/scheduler.py:
Site: site1.local
Queued events for site site1.local
[DEBUG] 2018-10-26 09:03:40,827 | /home/vini/frappe-bench/apps/frappe/frappe/utils/scheduler.py:
Site: site1.local
Queued events for site site1.local
[DEBUG] 2018-10-26 09:04:40,923 | /home/vini/frappe-bench/apps/frappe/frappe/utils/scheduler.py:
Site: site1.local
Queued events for site site1.local
[DEBUG] 2018-10-26 09:05:41,004 | /home/vini/frappe-bench/apps/frappe/frappe/utils/scheduler.py:
Site: site1.local
Queued events for site site1.local
[DEBUG] 2018-10-26 09:06:41,088 | /home/vini/frappe-bench/apps/frappe/frappe/utils/scheduler.py:
Site: site1.local
Queued events for site site1.local
[DEBUG] 2018-10-26 09:07:41,172 | /home/vini/frappe-bench/apps/frappe/frappe/utils/scheduler.py:
Site: site1.local
Queued events for site site1.local
[DEBUG] 2018-10-26 09:08:41,272 | /home/vini/frappe-bench/apps/frappe/frappe/utils/scheduler.py:
Site: site1.local
Queued events for site site1.local
[DEBUG] 2018-10-26 09:09:41,354 | /home/vini/frappe-bench/apps/frappe/frappe/utils/scheduler.py:
Site: site1.local
Queued events for site site1.local
[DEBUG] 2018-10-26 09:10:41,436 | /home/vini/frappe-bench/apps/frappe/frappe/utils/scheduler.py:
Site: site1.local
Queued events for site site1.local
[DEBUG] 2018-10-26 09:11:41,519 | /home/vini/frappe-bench/apps/frappe/frappe/utils/scheduler.py:
Site: site1.local
Queued events for site site1.local
[DEBUG] 2018-10-26 09:12:41,616 | /home/vini/frappe-bench/apps/frappe/frappe/utils/scheduler.py:
Site: site1.local
Queued events for site site1.local
[DEBUG] 2018-10-26 09:13:41,700 | /home/vini/frappe-bench/apps/frappe/frappe/utils/scheduler.py:
Site: site1.local
Queued events for site site1.local
[DEBUG] 2018-10-26 09:14:41,781 | /home/vini/frappe-bench/apps/frappe/frappe/utils/scheduler.py:
Site: site1.local
Queued events for site site1.local
[DEBUG] 2018-10-26 09:15:41,866 | /home/vini/frappe-bench/apps/frappe/frappe/utils/scheduler.py:
Site: site1.local
Queued events for site site1.local
[DEBUG] 2018-10-26 09:16:41,964 | /home/vini/frappe-bench/apps/frappe/frappe/utils/scheduler.py:
Site: site1.local
Queued events for site site1.local
[DEBUG] 2018-10-26 09:17:42,048 | /home/vini/frappe-bench/apps/frappe/frappe/utils/scheduler.py:
Site: site1.local
Queued events for site site1.local
[DEBUG] 2018-10-26 09:18:42,131 | /home/vini/frappe-bench/apps/frappe/frappe/utils/scheduler.py:
Site: site1.local
Queued events for site site1.local
[DEBUG] 2018-10-26 09:19:42,215 | /home/vini/frappe-bench/apps/frappe/frappe/utils/scheduler.py:
Site: site1.local
Queued events for site site1.local
[DEBUG] 2018-10-26 09:20:42,314 | /home/vini/frappe-bench/apps/frappe/frappe/utils/scheduler.py:
Site: site1.local
Queued events for site site1.local
[DEBUG] 2018-10-26 09:21:42,398 | /home/vini/frappe-bench/apps/frappe/frappe/utils/scheduler.py:
Site: site1.local
Queued events for site site1.local
[DEBUG] 2018-10-26 09:22:42,479 | /home/vini/frappe-bench/apps/frappe/frappe/utils/scheduler.py:
Site: site1.local
Queued events for site site1.local
[DEBUG] 2018-10-26 09:23:42,561 | /home/vini/frappe-bench/apps/frappe/frappe/utils/scheduler.py:
Site: site1.local
Queued events for site site1.local
[DEBUG] 2018-10-26 09:24:42,661 | /home/vini/frappe-bench/apps/frappe/frappe/utils/scheduler.py:
Site: site1.local
Queued events for site site1.local
[DEBUG] 2018-10-26 09:25:42,742 | /home/vini/frappe-bench/apps/frappe/frappe/utils/scheduler.py:
Site: site1.local
Queued events for site site1.local
[DEBUG] 2018-10-26 09:26:42,823 | /home/vini/frappe-bench/apps/frappe/frappe/utils/scheduler.py:
Site: site1.local
Queued events for site site1.local
[DEBUG] 2018-10-26 09:27:42,907 | /home/vini/frappe-bench/apps/frappe/frappe/utils/scheduler.py:
Site: site1.local
Queued events for site site1.local
[DEBUG] 2018-10-26 09:28:43,008 | /home/vini/frappe-bench/apps/frappe/frappe/utils/scheduler.py:
Site: site1.local
Queued events for site site1.local
[DEBUG] 2018-10-26 09:29:43,091 | /home/vini/frappe-bench/apps/frappe/frappe/utils/scheduler.py:
Site: site1.local
Queued events for site site1.local
[DEBUG] 2018-10-26 09:30:43,175 | /home/vini/frappe-bench/apps/frappe/frappe/utils/scheduler.py:
Site: site1.local
Queued events for site site1.local
[DEBUG] 2018-10-26 09:31:43,258 | /home/vini/frappe-bench/apps/frappe/frappe/utils/scheduler.py:
Site: site1.local
Queued events for site site1.local
[DEBUG] 2018-10-26 09:32:43,353 | /home/vini/frappe-bench/apps/frappe/frappe/utils/scheduler.py:
Site: site1.local
Queued events for site site1.local
[DEBUG] 2018-10-26 09:33:43,438 | /home/vini/frappe-bench/apps/frappe/frappe/utils/scheduler.py:
Site: site1.local
Queued events for site site1.local
[DEBUG] 2018-10-26 09:34:43,521 | /home/vini/frappe-bench/apps/frappe/frappe/utils/scheduler.py:
Site: site1.local
Queued events for site site1.local
[DEBUG] 2018-10-26 09:35:43,604 | /home/vini/frappe-bench/apps/frappe/frappe/utils/scheduler.py:
Site: site1.local
Queued events for site site1.local
[DEBUG] 2018-10-26 09:36:43,700 | /home/vini/frappe-bench/apps/frappe/frappe/utils/scheduler.py:
Site: site1.local
Queued events for site site1.local
[DEBUG] 2018-10-26 09:37:43,783 | /home/vini/frappe-bench/apps/frappe/frappe/utils/scheduler.py:
Site: site1.local
Queued events for site site1.local
[DEBUG] 2018-10-26 09:38:43,865 | /home/vini/frappe-bench/apps/frappe/frappe/utils/scheduler.py:
Site: site1.local
Queued events for site site1.local
[DEBUG] 2018-10-26 09:39:43,947 | /home/vini/frappe-bench/apps/frappe/frappe/utils/scheduler.py:
Site: site1.local
Queued events for site site1.local
[DEBUG] 2018-10-26 09:40:44,045 | /home/vini/frappe-bench/apps/frappe/frappe/utils/scheduler.py:
Site: site1.local
Queued events for site site1.local
[DEBUG] 2018-10-26 09:41:44,129 | /home/vini/frappe-bench/apps/frappe/frappe/utils/scheduler.py:
Site: site1.local
Queued events for site site1.local
[DEBUG] 2018-10-26 09:42:44,212 | /home/vini/frappe-bench/apps/frappe/frappe/utils/scheduler.py:
Site: site1.local
Queued events for site site1.local
[DEBUG] 2018-10-26 09:43:44,296 | /home/vini/frappe-bench/apps/frappe/frappe/utils/scheduler.py:
Site: site1.local
Queued events for site site1.local
[DEBUG] 2018-10-26 09:44:44,396 | /home/vini/frappe-bench/apps/frappe/frappe/utils/scheduler.py:
Site: site1.local
Queued events for site site1.local
[DEBUG] 2018-10-26 09:45:44,480 | /home/vini/frappe-bench/apps/frappe/frappe/utils/scheduler.py:
Site: site1.local
Queued events for site site1.local
[DEBUG] 2018-10-26 09:46:44,563 | /home/vini/frappe-bench/apps/frappe/frappe/utils/scheduler.py:
Site: site1.local
Queued events for site site1.local
[DEBUG] 2018-10-26 09:47:44,646 | /home/vini/frappe-bench/apps/frappe/frappe/utils/scheduler.py:
Site: site1.local
Queued events for site site1.local
[DEBUG] 2018-10-26 09:48:44,744 | /home/vini/frappe-bench/apps/frappe/frappe/utils/scheduler.py:
Site: site1.local
Queued events for site site1.local
[DEBUG] 2018-10-26 09:49:44,826 | /home/vini/frappe-bench/apps/frappe/frappe/utils/scheduler.py:
Site: site1.local
Queued events for site site1.local
[DEBUG] 2018-10-26 09:50:44,910 | /home/vini/frappe-bench/apps/frappe/frappe/utils/scheduler.py:
Site: site1.local
Queued events for site site1.local
[DEBUG] 2018-10-26 09:51:44,993 | /home/vini/frappe-bench/apps/frappe/frappe/utils/scheduler.py:
Site: site1.local
Queued events for site site1.local
[DEBUG] 2018-10-26 09:52:45,091 | /home/vini/frappe-bench/apps/frappe/frappe/utils/scheduler.py:
Site: site1.local
Queued events for site site1.local
[DEBUG] 2018-10-26 09:53:45,175 | /home/vini/frappe-bench/apps/frappe/frappe/utils/scheduler.py:
Site: site1.local
Queued events for site site1.local
[DEBUG] 2018-10-26 09:54:45,259 | /home/vini/frappe-bench/apps/frappe/frappe/utils/scheduler.py:
Site: site1.local
Queued events for site site1.local
[DEBUG] 2018-10-26 09:55:45,338 | /home/vini/frappe-bench/apps/frappe/frappe/utils/scheduler.py:
Site: site1.local
Queued events for site site1.local
[DEBUG] 2018-10-26 09:56:45,437 | /home/vini/frappe-bench/apps/frappe/frappe/utils/scheduler.py:
Site: site1.local
Queued events for site site1.local
[DEBUG] 2018-10-26 09:57:45,520 | /home/vini/frappe-bench/apps/frappe/frappe/utils/scheduler.py:
Site: site1.local
Queued events for site site1.local
[DEBUG] 2018-10-26 09:58:45,601 | /home/vini/frappe-bench/apps/frappe/frappe/utils/scheduler.py:
Site: site1.local
Queued events for site site1.local
[DEBUG] 2018-10-26 09:59:45,685 | /home/vini/frappe-bench/apps/frappe/frappe/utils/scheduler.py:
Site: site1.local
Queued events for site site1.local
[DEBUG] 2018-10-26 10:00:45,806 | /home/vini/frappe-bench/apps/frappe/frappe/utils/scheduler.py:
Site: site1.local
Queued events for site site1.local
[DEBUG] 2018-10-26 10:01:45,887 | /home/vini/frappe-bench/apps/frappe/frappe/utils/scheduler.py:
Site: site1.local
Queued events for site site1.local
[DEBUG] 2018-10-26 10:02:45,969 | /home/vini/frappe-bench/apps/frappe/frappe/utils/scheduler.py:
Site: site1.local
Queued events for site site1.local
[DEBUG] 2018-10-26 10:03:46,052 | /home/vini/frappe-bench/apps/frappe/frappe/utils/scheduler.py:
Site: site1.local
Queued events for site site1.local
[DEBUG] 2018-10-26 10:04:46,151 | /home/vini/frappe-bench/apps/frappe/frappe/utils/scheduler.py:
Site: site1.local
Queued events for site site1.local
[DEBUG] 2018-10-26 10:05:46,234 | /home/vini/frappe-bench/apps/frappe/frappe/utils/scheduler.py:
Site: site1.local
Queued events for site site1.local
[DEBUG] 2018-10-26 10:06:46,317 | /home/vini/frappe-bench/apps/frappe/frappe/utils/scheduler.py:
Site: site1.local
Queued events for site site1.local
[DEBUG] 2018-10-26 10:07:46,400 | /home/vini/frappe-bench/apps/frappe/frappe/utils/scheduler.py:
Site: site1.local
Queued events for site site1.local
[DEBUG] 2018-10-26 10:08:46,497 | /home/vini/frappe-bench/apps/frappe/frappe/utils/scheduler.py:
Site: site1.local
Queued events for site site1.local
[DEBUG] 2018-10-26 10:09:46,580 | /home/vini/frappe-bench/apps/frappe/frappe/utils/scheduler.py:
Site: site1.local
Queued events for site site1.local
[DEBUG] 2018-10-26 10:10:46,662 | /home/vini/frappe-bench/apps/frappe/frappe/utils/scheduler.py:
Site: site1.local
Queued events for site site1.local
[DEBUG] 2018-10-26 10:11:46,745 | /home/vini/frappe-bench/apps/frappe/frappe/utils/scheduler.py:
Site: site1.local
Queued events for site site1.local
[DEBUG] 2018-10-26 10:12:46,845 | /home/vini/frappe-bench/apps/frappe/frappe/utils/scheduler.py:
Site: site1.local
Queued events for site site1.local
[DEBUG] 2018-10-26 10:13:46,927 | /home/vini/frappe-bench/apps/frappe/frappe/utils/scheduler.py:
Site: site1.local
Queued events for site site1.local
[DEBUG] 2018-10-26 10:14:47,010 | /home/vini/frappe-bench/apps/frappe/frappe/utils/scheduler.py:
Site: site1.local
Queued events for site site1.local
[DEBUG] 2018-10-26 10:15:47,093 | /home/vini/frappe-bench/apps/frappe/frappe/utils/scheduler.py:
Site: site1.local
Queued events for site site1.local
[DEBUG] 2018-10-26 10:16:47,191 | /home/vini/frappe-bench/apps/frappe/frappe/utils/scheduler.py:
Site: site1.local
Queued events for site site1.local
[DEBUG] 2018-10-26 10:17:47,273 | /home/vini/frappe-bench/apps/frappe/frappe/utils/scheduler.py:
Site: site1.local
Queued events for site site1.local
[DEBUG] 2018-10-26 10:18:47,355 | /home/vini/frappe-bench/apps/frappe/frappe/utils/scheduler.py:
Site: site1.local
Queued events for site site1.local
[DEBUG] 2018-10-26 10:19:47,437 | /home/vini/frappe-bench/apps/frappe/frappe/utils/scheduler.py:
Site: site1.local
Queued events for site site1.local
[DEBUG] 2018-10-26 10:20:47,535 | /home/vini/frappe-bench/apps/frappe/frappe/utils/scheduler.py:
Site: site1.local
Queued events for site site1.local
[DEBUG] 2018-10-26 10:21:47,619 | /home/vini/frappe-bench/apps/frappe/frappe/utils/scheduler.py:
Site: site1.local
Queued events for site site1.local
[DEBUG] 2018-10-26 10:22:47,703 | /home/vini/frappe-bench/apps/frappe/frappe/utils/scheduler.py:
Site: site1.local
Queued events for site site1.local
[DEBUG] 2018-10-26 10:23:47,787 | /home/vini/frappe-bench/apps/frappe/frappe/utils/scheduler.py:
Site: site1.local
Queued events for site site1.local
[DEBUG] 2018-10-26 10:24:47,884 | /home/vini/frappe-bench/apps/frappe/frappe/utils/scheduler.py:
Site: site1.local
Queued events for site site1.local
[DEBUG] 2018-10-26 10:25:47,965 | /home/vini/frappe-bench/apps/frappe/frappe/utils/scheduler.py:
Site: site1.local
Queued events for site site1.local
[DEBUG] 2018-10-26 10:26:48,048 | /home/vini/frappe-bench/apps/frappe/frappe/utils/scheduler.py:
Site: site1.local
Queued events for site site1.local
[DEBUG] 2018-10-26 10:27:48,131 | /home/vini/frappe-bench/apps/frappe/frappe/utils/scheduler.py:
Site: site1.local
Queued events for site site1.local
[DEBUG] 2018-10-26 10:28:48,227 | /home/vini/frappe-bench/apps/frappe/frappe/utils/scheduler.py:
Site: site1.local
Queued events for site site1.local
[DEBUG] 2018-10-26 10:29:48,309 | /home/vini/frappe-bench/apps/frappe/frappe/utils/scheduler.py:
Site: site1.local
Queued events for site site1.local
[DEBUG] 2018-10-26 10:30:48,392 | /home/vini/frappe-bench/apps/frappe/frappe/utils/scheduler.py:
Site: site1.local
Queued events for site site1.local
[DEBUG] 2018-10-26 10:31:48,475 | /home/vini/frappe-bench/apps/frappe/frappe/utils/scheduler.py:
Site: site1.local
Queued events for site site1.local
[DEBUG] 2018-10-26 10:32:48,572 | /home/vini/frappe-bench/apps/frappe/frappe/utils/scheduler.py:
Site: site1.local
Queued events for site site1.local
[DEBUG] 2018-10-26 10:33:48,654 | /home/vini/frappe-bench/apps/frappe/frappe/utils/scheduler.py:
Site: site1.local
Queued events for site site1.local
[DEBUG] 2018-10-26 10:34:48,737 | /home/vini/frappe-bench/apps/frappe/frappe/utils/scheduler.py:
Site: site1.local
Queued events for site site1.local
[DEBUG] 2018-10-26 10:35:48,818 | /home/vini/frappe-bench/apps/frappe/frappe/utils/scheduler.py:
Site: site1.local
Queued events for site site1.local
[DEBUG] 2018-10-26 10:36:48,917 | /home/vini/frappe-bench/apps/frappe/frappe/utils/scheduler.py:
Site: site1.local
Queued events for site site1.local
[DEBUG] 2018-10-26 10:37:49,001 | /home/vini/frappe-bench/apps/frappe/frappe/utils/scheduler.py:
Site: site1.local
Queued events for site site1.local
[DEBUG] 2018-10-26 10:38:49,082 | /home/vini/frappe-bench/apps/frappe/frappe/utils/scheduler.py:
Site: site1.local
Queued events for site site1.local
[DEBUG] 2018-10-26 10:39:49,164 | /home/vini/frappe-bench/apps/frappe/frappe/utils/scheduler.py:
Site: site1.local
Queued events for site site1.local
[DEBUG] 2018-10-26 10:40:49,263 | /home/vini/frappe-bench/apps/frappe/frappe/utils/scheduler.py:
Site: site1.local
Queued events for site site1.local
[DEBUG] 2018-10-26 10:41:49,346 | /home/vini/frappe-bench/apps/frappe/frappe/utils/scheduler.py:
Site: site1.local
Queued events for site site1.local
[DEBUG] 2018-10-26 10:42:49,429 | /home/vini/frappe-bench/apps/frappe/frappe/utils/scheduler.py:
Site: site1.local
Queued events for site site1.local
[DEBUG] 2018-10-26 10:42:57,933 | /home/vini/frappe-bench/apps/frappe/frappe/integrations/doctype/webhook/webhook.py:
Site: site1.local
{u'webhook_success': u'{"home_page":"/desk","message":"Logged In","full_name":"Administrator"}'}
[DEBUG] 2018-10-26 10:43:49,512 | /home/vini/frappe-bench/apps/frappe/frappe/utils/scheduler.py:
Site: site1.local
Queued events for site site1.local
[DEBUG] 2018-10-26 10:44:49,608 | /home/vini/frappe-bench/apps/frappe/frappe/utils/scheduler.py:
Site: site1.local
Queued events for site site1.local
[DEBUG] 2018-10-26 10:45:49,692 | /home/vini/frappe-bench/apps/frappe/frappe/utils/scheduler.py:
Site: site1.local
Queued events for site site1.local
[DEBUG] 2018-10-26 10:46:49,774 | /home/vini/frappe-bench/apps/frappe/frappe/utils/scheduler.py:
Site: site1.local
Queued events for site site1.local
[DEBUG] 2018-10-26 10:47:49,856 | /home/vini/frappe-bench/apps/frappe/frappe/utils/scheduler.py:
Site: site1.local
Queued events for site site1.local
[DEBUG] 2018-10-26 10:48:49,955 | /home/vini/frappe-bench/apps/frappe/frappe/utils/scheduler.py:
Site: site1.local
Queued events for site site1.local
[DEBUG] 2018-10-26 10:49:50,038 | /home/vini/frappe-bench/apps/frappe/frappe/utils/scheduler.py:
Site: site1.local
Queued events for site site1.local
[DEBUG] 2018-10-26 10:50:50,120 | /home/vini/frappe-bench/apps/frappe/frappe/utils/scheduler.py:
Site: site1.local
Queued events for site site1.local
[DEBUG] 2018-10-26 10:51:50,202 | /home/vini/frappe-bench/apps/frappe/frappe/utils/scheduler.py:
Site: site1.local
Queued events for site site1.local
[DEBUG] 2018-10-26 10:52:50,301 | /home/vini/frappe-bench/apps/frappe/frappe/utils/scheduler.py:
Site: site1.local
Queued events for site site1.local
[DEBUG] 2018-10-26 10:53:50,383 | /home/vini/frappe-bench/apps/frappe/frappe/utils/scheduler.py:
Site: site1.local
Queued events for site site1.local
[DEBUG] 2018-10-26 10:54:50,467 | /home/vini/frappe-bench/apps/frappe/frappe/utils/scheduler.py:
Site: site1.local
Queued events for site site1.local
[DEBUG] 2018-10-26 10:55:50,550 | /home/vini/frappe-bench/apps/frappe/frappe/utils/scheduler.py:
Site: site1.local
Queued events for site site1.local
[DEBUG] 2018-10-26 10:56:50,647 | /home/vini/frappe-bench/apps/frappe/frappe/utils/scheduler.py:
Site: site1.local
Queued events for site site1.local
[DEBUG] 2018-10-26 10:57:50,727 | /home/vini/frappe-bench/apps/frappe/frappe/utils/scheduler.py:
Site: site1.local
Queued events for site site1.local
[DEBUG] 2018-10-26 10:58:50,812 | /home/vini/frappe-bench/apps/frappe/frappe/utils/scheduler.py:
Site: site1.local
Queued events for site site1.local
[DEBUG] 2018-10-26 10:59:50,896 | /home/vini/frappe-bench/apps/frappe/frappe/utils/scheduler.py:
Site: site1.local
Queued events for site site1.local
[DEBUG] 2018-10-26 11:00:51,016 | /home/vini/frappe-bench/apps/frappe/frappe/utils/scheduler.py:
Site: site1.local
Queued events for site site1.local
[DEBUG] 2018-10-26 11:01:51,099 | /home/vini/frappe-bench/apps/frappe/frappe/utils/scheduler.py:
Site: site1.local
Queued events for site site1.local
[DEBUG] 2018-10-26 11:02:51,184 | /home/vini/frappe-bench/apps/frappe/frappe/utils/scheduler.py:
Site: site1.local
Queued events for site site1.local
[DEBUG] 2018-10-26 11:03:51,267 | /home/vini/frappe-bench/apps/frappe/frappe/utils/scheduler.py:
Site: site1.local
Queued events for site site1.local
[DEBUG] 2018-10-26 11:04:51,366 | /home/vini/frappe-bench/apps/frappe/frappe/utils/scheduler.py:
Site: site1.local
Queued events for site site1.local
[DEBUG] 2018-10-26 11:05:51,451 | /home/vini/frappe-bench/apps/frappe/frappe/utils/scheduler.py:
Site: site1.local
Queued events for site site1.local
[DEBUG] 2018-10-26 11:06:51,536 | /home/vini/frappe-bench/apps/frappe/frappe/utils/scheduler.py:
Site: site1.local
Queued events for site site1.local
[DEBUG] 2018-10-26 11:07:51,621 | /home/vini/frappe-bench/apps/frappe/frappe/utils/scheduler.py:
Site: site1.local
Queued events for site site1.local
[DEBUG] 2018-10-26 11:08:51,721 | /home/vini/frappe-bench/apps/frappe/frappe/utils/scheduler.py:
Site: site1.local
Queued events for site site1.local
[DEBUG] 2018-10-26 11:09:51,804 | /home/vini/frappe-bench/apps/frappe/frappe/utils/scheduler.py:
Site: site1.local
Queued events for site site1.local
[DEBUG] 2018-10-26 11:10:51,889 | /home/vini/frappe-bench/apps/frappe/frappe/utils/scheduler.py:
Site: site1.local
Queued events for site site1.local
[DEBUG] 2018-10-26 11:11:51,974 | /home/vini/frappe-bench/apps/frappe/frappe/utils/scheduler.py:
Site: site1.local
Queued events for site site1.local
[DEBUG] 2018-10-26 11:12:52,075 | /home/vini/frappe-bench/apps/frappe/frappe/utils/scheduler.py:
Site: site1.local
Queued events for site site1.local
[DEBUG] 2018-10-26 11:13:52,161 | /home/vini/frappe-bench/apps/frappe/frappe/utils/scheduler.py:
Site: site1.local
Queued events for site site1.local
[DEBUG] 2018-10-26 11:14:52,246 | /home/vini/frappe-bench/apps/frappe/frappe/utils/scheduler.py:
Site: site1.local
Queued events for site site1.local
[DEBUG] 2018-10-26 11:15:52,330 | /home/vini/frappe-bench/apps/frappe/frappe/utils/scheduler.py:
Site: site1.local
Queued events for site site1.local
[DEBUG] 2018-10-26 11:16:52,430 | /home/vini/frappe-bench/apps/frappe/frappe/utils/scheduler.py:
Site: site1.local
Queued events for site site1.local
[DEBUG] 2018-10-26 11:17:52,516 | /home/vini/frappe-bench/apps/frappe/frappe/utils/scheduler.py:
Site: site1.local
Queued events for site site1.local
[DEBUG] 2018-10-26 11:18:52,600 | /home/vini/frappe-bench/apps/frappe/frappe/utils/scheduler.py:
Site: site1.local
Queued events for site site1.local
[DEBUG] 2018-10-26 11:19:52,685 | /home/vini/frappe-bench/apps/frappe/frappe/utils/scheduler.py:
Site: site1.local
Queued events for site site1.local
[DEBUG] 2018-10-26 11:20:52,828 | /home/vini/frappe-bench/apps/frappe/frappe/utils/scheduler.py:
Site: site1.local
Queued events for site site1.local
[DEBUG] 2018-10-26 11:21:52,910 | /home/vini/frappe-bench/apps/frappe/frappe/utils/scheduler.py:
Site: site1.local
Queued events for site site1.local
[DEBUG] 2018-10-26 11:22:52,995 | /home/vini/frappe-bench/apps/frappe/frappe/utils/scheduler.py:
Site: site1.local
Queued events for site site1.local
[DEBUG] 2018-10-26 11:23:53,078 | /home/vini/frappe-bench/apps/frappe/frappe/utils/scheduler.py:
Site: site1.local
Queued events for site site1.local
[DEBUG] 2018-10-26 11:24:53,178 | /home/vini/frappe-bench/apps/frappe/frappe/utils/scheduler.py:
Site: site1.local
Queued events for site site1.local
[DEBUG] 2018-10-26 11:25:53,263 | /home/vini/frappe-bench/apps/frappe/frappe/utils/scheduler.py:
Site: site1.local
Queued events for site site1.local
[DEBUG] 2018-10-26 11:26:53,347 | /home/vini/frappe-bench/apps/frappe/frappe/utils/scheduler.py:
Site: site1.local
Queued events for site site1.local
[DEBUG] 2018-10-26 11:27:53,433 | /home/vini/frappe-bench/apps/frappe/frappe/utils/scheduler.py:
Site: site1.local
Queued events for site site1.local
[DEBUG] 2018-10-26 11:28:53,532 | /home/vini/frappe-bench/apps/frappe/frappe/utils/scheduler.py:
Site: site1.local
Queued events for site site1.local
[DEBUG] 2018-10-26 11:29:53,617 | /home/vini/frappe-bench/apps/frappe/frappe/utils/scheduler.py:
Site: site1.local
Queued events for site site1.local
[DEBUG] 2018-10-26 11:30:53,700 | /home/vini/frappe-bench/apps/frappe/frappe/utils/scheduler.py:
Site: site1.local
Queued events for site site1.local
[DEBUG] 2018-10-26 11:31:53,784 | /home/vini/frappe-bench/apps/frappe/frappe/utils/scheduler.py:
Site: site1.local
Queued events for site site1.local
[DEBUG] 2018-10-26 11:32:53,885 | /home/vini/frappe-bench/apps/frappe/frappe/utils/scheduler.py:
Site: site1.local
Queued events for site site1.local
[DEBUG] 2018-10-26 11:33:53,967 | /home/vini/frappe-bench/apps/frappe/frappe/utils/scheduler.py:
Site: site1.local
Queued events for site site1.local
[DEBUG] 2018-10-26 11:34:54,052 | /home/vini/frappe-bench/apps/frappe/frappe/utils/scheduler.py:
Site: site1.local
Queued events for site site1.local
[DEBUG] 2018-10-26 11:35:54,137 | /home/vini/frappe-bench/apps/frappe/frappe/utils/scheduler.py:
Site: site1.local
Queued events for site site1.local
[DEBUG] 2018-10-26 11:36:54,234 | /home/vini/frappe-bench/apps/frappe/frappe/utils/scheduler.py:
Site: site1.local
Queued events for site site1.local
[DEBUG] 2018-10-26 11:37:54,318 | /home/vini/frappe-bench/apps/frappe/frappe/utils/scheduler.py:
Site: site1.local
Queued events for site site1.local
[DEBUG] 2018-10-26 11:38:54,402 | /home/vini/frappe-bench/apps/frappe/frappe/utils/scheduler.py:
Site: site1.local
Queued events for site site1.local
[DEBUG] 2018-10-26 11:39:54,487 | /home/vini/frappe-bench/apps/frappe/frappe/utils/scheduler.py:
Site: site1.local
Queued events for site site1.local
[DEBUG] 2018-10-26 11:40:54,587 | /home/vini/frappe-bench/apps/frappe/frappe/utils/scheduler.py:
Site: site1.local
Queued events for site site1.local
[DEBUG] 2018-10-26 11:41:54,670 | /home/vini/frappe-bench/apps/frappe/frappe/utils/scheduler.py:
Site: site1.local
Queued events for site site1.local
[DEBUG] 2018-10-26 11:42:54,753 | /home/vini/frappe-bench/apps/frappe/frappe/utils/scheduler.py:
Site: site1.local
Queued events for site site1.local
[DEBUG] 2018-10-26 11:43:54,837 | /home/vini/frappe-bench/apps/frappe/frappe/utils/scheduler.py:
Site: site1.local
Queued events for site site1.local
[DEBUG] 2018-10-26 11:44:54,937 | /home/vini/frappe-bench/apps/frappe/frappe/utils/scheduler.py:
Site: site1.local
Queued events for site site1.local
[DEBUG] 2018-10-26 11:45:55,022 | /home/vini/frappe-bench/apps/frappe/frappe/utils/scheduler.py:
Site: site1.local
Queued events for site site1.local
[DEBUG] 2018-10-26 11:46:55,105 | /home/vini/frappe-bench/apps/frappe/frappe/utils/scheduler.py:
Site: site1.local
Queued events for site site1.local
[DEBUG] 2018-10-26 11:47:55,188 | /home/vini/frappe-bench/apps/frappe/frappe/utils/scheduler.py:
Site: site1.local
Queued events for site site1.local
[DEBUG] 2018-10-26 11:48:55,287 | /home/vini/frappe-bench/apps/frappe/frappe/utils/scheduler.py:
Site: site1.local
Queued events for site site1.local
[DEBUG] 2018-10-26 11:49:55,371 | /home/vini/frappe-bench/apps/frappe/frappe/utils/scheduler.py:
Site: site1.local
Queued events for site site1.local
[DEBUG] 2018-10-26 11:50:55,458 | /home/vini/frappe-bench/apps/frappe/frappe/utils/scheduler.py:
Site: site1.local
Queued events for site site1.local
[DEBUG] 2018-10-26 11:51:55,543 | /home/vini/frappe-bench/apps/frappe/frappe/utils/scheduler.py:
Site: site1.local
Queued events for site site1.local
[DEBUG] 2018-10-26 11:52:55,643 | /home/vini/frappe-bench/apps/frappe/frappe/utils/scheduler.py:
Site: site1.local
Queued events for site site1.local
[DEBUG] 2018-10-26 11:53:55,729 | /home/vini/frappe-bench/apps/frappe/frappe/utils/scheduler.py:
Site: site1.local
Queued events for site site1.local
[DEBUG] 2018-10-26 11:54:55,813 | /home/vini/frappe-bench/apps/frappe/frappe/utils/scheduler.py:
Site: site1.local
Queued events for site site1.local
[DEBUG] 2018-10-26 11:55:55,896 | /home/vini/frappe-bench/apps/frappe/frappe/utils/scheduler.py:
Site: site1.local
Queued events for site site1.local
[DEBUG] 2018-10-26 11:56:55,996 | /home/vini/frappe-bench/apps/frappe/frappe/utils/scheduler.py:
Site: site1.local
Queued events for site site1.local
[DEBUG] 2018-10-26 11:57:56,081 | /home/vini/frappe-bench/apps/frappe/frappe/utils/scheduler.py:
Site: site1.local
Queued events for site site1.local
[DEBUG] 2018-10-26 11:58:56,166 | /home/vini/frappe-bench/apps/frappe/frappe/utils/scheduler.py:
Site: site1.local
Queued events for site site1.local
[DEBUG] 2018-10-26 11:59:56,251 | /home/vini/frappe-bench/apps/frappe/frappe/utils/scheduler.py:
Site: site1.local
Queued events for site site1.local
[DEBUG] 2018-10-26 12:00:56,373 | /home/vini/frappe-bench/apps/frappe/frappe/utils/scheduler.py:
Site: site1.local
Queued events for site site1.local
[DEBUG] 2018-10-26 12:01:56,455 | /home/vini/frappe-bench/apps/frappe/frappe/utils/scheduler.py:
Site: site1.local
Queued events for site site1.local
[DEBUG] 2018-10-26 12:02:56,539 | /home/vini/frappe-bench/apps/frappe/frappe/utils/scheduler.py:
Site: site1.local
Queued events for site site1.local
[DEBUG] 2018-10-26 12:03:56,625 | /home/vini/frappe-bench/apps/frappe/frappe/utils/scheduler.py:
Site: site1.local
Queued events for site site1.local
[DEBUG] 2018-10-26 12:04:56,723 | /home/vini/frappe-bench/apps/frappe/frappe/utils/scheduler.py:
Site: site1.local
Queued events for site site1.local
[DEBUG] 2018-10-26 12:05:56,807 | /home/vini/frappe-bench/apps/frappe/frappe/utils/scheduler.py:
Site: site1.local
Queued events for site site1.local
[DEBUG] 2018-10-26 12:06:56,892 | /home/vini/frappe-bench/apps/frappe/frappe/utils/scheduler.py:
Site: site1.local
Queued events for site site1.local
[DEBUG] 2018-10-26 12:07:56,979 | /home/vini/frappe-bench/apps/frappe/frappe/utils/scheduler.py:
Site: site1.local
Queued events for site site1.local
[DEBUG] 2018-10-26 12:08:57,081 | /home/vini/frappe-bench/apps/frappe/frappe/utils/scheduler.py:
Site: site1.local
Queued events for site site1.local
[DEBUG] 2018-10-26 12:09:57,163 | /home/vini/frappe-bench/apps/frappe/frappe/utils/scheduler.py:
Site: site1.local
Queued events for site site1.local
[DEBUG] 2018-10-26 12:10:57,249 | /home/vini/frappe-bench/apps/frappe/frappe/utils/scheduler.py:
Site: site1.local
Queued events for site site1.local
[DEBUG] 2018-10-26 12:11:57,333 | /home/vini/frappe-bench/apps/frappe/frappe/utils/scheduler.py:
Site: site1.local
Queued events for site site1.local
[DEBUG] 2018-10-26 12:12:57,433 | /home/vini/frappe-bench/apps/frappe/frappe/utils/scheduler.py:
Site: site1.local
Queued events for site site1.local
[DEBUG] 2018-10-26 12:13:57,516 | /home/vini/frappe-bench/apps/frappe/frappe/utils/scheduler.py:
Site: site1.local
Queued events for site site1.local
[DEBUG] 2018-10-26 12:14:57,599 | /home/vini/frappe-bench/apps/frappe/frappe/utils/scheduler.py:
Site: site1.local
Queued events for site site1.local
[DEBUG] 2018-10-26 12:15:57,684 | /home/vini/frappe-bench/apps/frappe/frappe/utils/scheduler.py:
Site: site1.local
Queued events for site site1.local
[DEBUG] 2018-10-26 12:16:57,783 | /home/vini/frappe-bench/apps/frappe/frappe/utils/scheduler.py:
Site: site1.local
Queued events for site site1.local
[DEBUG] 2018-10-26 12:17:57,866 | /home/vini/frappe-bench/apps/frappe/frappe/utils/scheduler.py:
Site: site1.local
Queued events for site site1.local
[DEBUG] 2018-10-26 12:18:57,950 | /home/vini/frappe-bench/apps/frappe/frappe/utils/scheduler.py:
Site: site1.local
Queued events for site site1.local
[DEBUG] 2018-10-26 12:19:58,032 | /home/vini/frappe-bench/apps/frappe/frappe/utils/scheduler.py:
Site: site1.local
Queued events for site site1.local
[DEBUG] 2018-10-26 12:20:58,129 | /home/vini/frappe-bench/apps/frappe/frappe/utils/scheduler.py:
Site: site1.local
Queued events for site site1.local
[DEBUG] 2018-10-26 12:21:58,215 | /home/vini/frappe-bench/apps/frappe/frappe/utils/scheduler.py:
Site: site1.local
Queued events for site site1.local
[DEBUG] 2018-10-26 12:22:58,301 | /home/vini/frappe-bench/apps/frappe/frappe/utils/scheduler.py:
Site: site1.local
Queued events for site site1.local
[DEBUG] 2018-10-26 12:23:58,386 | /home/vini/frappe-bench/apps/frappe/frappe/utils/scheduler.py:
Site: site1.local
Queued events for site site1.local
[DEBUG] 2018-10-26 12:24:58,486 | /home/vini/frappe-bench/apps/frappe/frappe/utils/scheduler.py:
Site: site1.local
Queued events for site site1.local
[DEBUG] 2018-10-26 12:25:58,569 | /home/vini/frappe-bench/apps/frappe/frappe/utils/scheduler.py:
Site: site1.local
Queued events for site site1.local
[DEBUG] 2018-10-26 12:26:58,654 | /home/vini/frappe-bench/apps/frappe/frappe/utils/scheduler.py:
Site: site1.local
Queued events for site site1.local
[DEBUG] 2018-10-26 12:27:58,738 | /home/vini/frappe-bench/apps/frappe/frappe/utils/scheduler.py:
Site: site1.local
Queued events for site site1.local
[DEBUG] 2018-10-26 12:28:58,838 | /home/vini/frappe-bench/apps/frappe/frappe/utils/scheduler.py:
Site: site1.local
Queued events for site site1.local
[DEBUG] 2018-10-26 12:29:58,922 | /home/vini/frappe-bench/apps/frappe/frappe/utils/scheduler.py:
Site: site1.local
Queued events for site site1.local
[DEBUG] 2018-10-26 12:30:59,007 | /home/vini/frappe-bench/apps/frappe/frappe/utils/scheduler.py:
Site: site1.local
Queued events for site site1.local
[DEBUG] 2018-10-26 12:31:59,090 | /home/vini/frappe-bench/apps/frappe/frappe/utils/scheduler.py:
Site: site1.local
Queued events for site site1.local
[DEBUG] 2018-10-26 12:32:59,188 | /home/vini/frappe-bench/apps/frappe/frappe/utils/scheduler.py:
Site: site1.local
Queued events for site site1.local
[DEBUG] 2018-10-26 12:33:59,272 | /home/vini/frappe-bench/apps/frappe/frappe/utils/scheduler.py:
Site: site1.local
Queued events for site site1.local
[DEBUG] 2018-10-26 12:34:59,356 | /home/vini/frappe-bench/apps/frappe/frappe/utils/scheduler.py:
Site: site1.local
Queued events for site site1.local
[DEBUG] 2018-10-26 12:35:59,438 | /home/vini/frappe-bench/apps/frappe/frappe/utils/scheduler.py:
Site: site1.local
Queued events for site site1.local
[DEBUG] 2018-10-26 12:36:59,538 | /home/vini/frappe-bench/apps/frappe/frappe/utils/scheduler.py:
Site: site1.local
Queued events for site site1.local
[DEBUG] 2018-10-26 12:37:59,623 | /home/vini/frappe-bench/apps/frappe/frappe/utils/scheduler.py:
Site: site1.local
Queued events for site site1.local
[DEBUG] 2018-10-26 12:38:59,706 | /home/vini/frappe-bench/apps/frappe/frappe/utils/scheduler.py:
Site: site1.local
Queued events for site site1.local
[DEBUG] 2018-10-26 12:39:59,788 | /home/vini/frappe-bench/apps/frappe/frappe/utils/scheduler.py:
Site: site1.local
Queued events for site site1.local
[DEBUG] 2018-10-26 12:40:59,888 | /home/vini/frappe-bench/apps/frappe/frappe/utils/scheduler.py:
Site: site1.local
Queued events for site site1.local
[DEBUG] 2018-10-26 12:41:59,972 | /home/vini/frappe-bench/apps/frappe/frappe/utils/scheduler.py:
Site: site1.local
Queued events for site site1.local
[DEBUG] 2018-10-26 12:43:00,056 | /home/vini/frappe-bench/apps/frappe/frappe/utils/scheduler.py:
Site: site1.local
Queued events for site site1.local
[DEBUG] 2018-10-26 12:44:00,158 | /home/vini/frappe-bench/apps/frappe/frappe/utils/scheduler.py:
Site: site1.local
Queued events for site site1.local
[DEBUG] 2018-10-26 12:45:00,243 | /home/vini/frappe-bench/apps/frappe/frappe/utils/scheduler.py:
Site: site1.local
Queued events for site site1.local
[DEBUG] 2018-10-26 12:46:00,325 | /home/vini/frappe-bench/apps/frappe/frappe/utils/scheduler.py:
Site: site1.local
Queued events for site site1.local
[DEBUG] 2018-10-26 12:47:00,410 | /home/vini/frappe-bench/apps/frappe/frappe/utils/scheduler.py:
Site: site1.local
Queued events for site site1.local
[DEBUG] 2018-10-26 12:48:00,509 | /home/vini/frappe-bench/apps/frappe/frappe/utils/scheduler.py:
Site: site1.local
Queued events for site site1.local
[DEBUG] 2018-10-26 12:49:00,592 | /home/vini/frappe-bench/apps/frappe/frappe/utils/scheduler.py:
Site: site1.local
Queued events for site site1.local
[DEBUG] 2018-10-26 12:50:00,676 | /home/vini/frappe-bench/apps/frappe/frappe/utils/scheduler.py:
Site: site1.local
Queued events for site site1.local
[DEBUG] 2018-10-26 12:51:00,761 | /home/vini/frappe-bench/apps/frappe/frappe/utils/scheduler.py:
Site: site1.local
Queued events for site site1.local
[DEBUG] 2018-10-26 12:52:00,861 | /home/vini/frappe-bench/apps/frappe/frappe/utils/scheduler.py:
Site: site1.local
Queued events for site site1.local
[DEBUG] 2018-10-26 12:53:00,948 | /home/vini/frappe-bench/apps/frappe/frappe/utils/scheduler.py:
Site: site1.local
Queued events for site site1.local
[DEBUG] 2018-10-26 12:54:01,033 | /home/vini/frappe-bench/apps/frappe/frappe/utils/scheduler.py:
Site: site1.local
Queued events for site site1.local
[DEBUG] 2018-10-26 12:55:01,118 | /home/vini/frappe-bench/apps/frappe/frappe/utils/scheduler.py:
Site: site1.local
Queued events for site site1.local
[DEBUG] 2018-10-26 12:56:01,217 | /home/vini/frappe-bench/apps/frappe/frappe/utils/scheduler.py:
Site: site1.local
Queued events for site site1.local
[DEBUG] 2018-10-26 12:57:01,303 | /home/vini/frappe-bench/apps/frappe/frappe/utils/scheduler.py:
Site: site1.local
Queued events for site site1.local
[DEBUG] 2018-10-26 12:58:01,387 | /home/vini/frappe-bench/apps/frappe/frappe/utils/scheduler.py:
Site: site1.local
Queued events for site site1.local
[DEBUG] 2018-10-26 12:59:01,473 | /home/vini/frappe-bench/apps/frappe/frappe/utils/scheduler.py:
Site: site1.local
Queued events for site site1.local
[DEBUG] 2018-10-26 13:00:01,594 | /home/vini/frappe-bench/apps/frappe/frappe/utils/scheduler.py:
Site: site1.local
Queued events for site site1.local
[DEBUG] 2018-10-26 13:01:01,680 | /home/vini/frappe-bench/apps/frappe/frappe/utils/scheduler.py:
Site: site1.local
Queued events for site site1.local
[DEBUG] 2018-10-26 13:02:01,758 | /home/vini/frappe-bench/apps/frappe/frappe/utils/scheduler.py:
Site: site1.local
Queued events for site site1.local
[DEBUG] 2018-10-26 13:03:01,842 | /home/vini/frappe-bench/apps/frappe/frappe/utils/scheduler.py:
Site: site1.local
Queued events for site site1.local
[DEBUG] 2018-10-26 13:04:01,940 | /home/vini/frappe-bench/apps/frappe/frappe/utils/scheduler.py:
Site: site1.local
Queued events for site site1.local
[DEBUG] 2018-10-26 13:05:02,024 | /home/vini/frappe-bench/apps/frappe/frappe/utils/scheduler.py:
Site: site1.local
Queued events for site site1.local
[DEBUG] 2018-10-26 13:06:02,106 | /home/vini/frappe-bench/apps/frappe/frappe/utils/scheduler.py:
Site: site1.local
Queued events for site site1.local
[DEBUG] 2018-10-26 13:07:02,188 | /home/vini/frappe-bench/apps/frappe/frappe/utils/scheduler.py:
Site: site1.local
Queued events for site site1.local
[DEBUG] 2018-10-26 13:08:02,286 | /home/vini/frappe-bench/apps/frappe/frappe/utils/scheduler.py:
Site: site1.local
Queued events for site site1.local
[DEBUG] 2018-10-26 13:09:02,366 | /home/vini/frappe-bench/apps/frappe/frappe/utils/scheduler.py:
Site: site1.local
Queued events for site site1.local
[DEBUG] 2018-10-26 13:10:02,446 | /home/vini/frappe-bench/apps/frappe/frappe/utils/scheduler.py:
Site: site1.local
Queued events for site site1.local
[DEBUG] 2018-10-26 13:11:02,529 | /home/vini/frappe-bench/apps/frappe/frappe/utils/scheduler.py:
Site: site1.local
Queued events for site site1.local
[DEBUG] 2018-10-26 13:12:02,627 | /home/vini/frappe-bench/apps/frappe/frappe/utils/scheduler.py:
Site: site1.local
Queued events for site site1.local
[DEBUG] 2018-10-26 13:13:02,710 | /home/vini/frappe-bench/apps/frappe/frappe/utils/scheduler.py:
Site: site1.local
Queued events for site site1.local
[DEBUG] 2018-10-26 13:14:02,805 | /home/vini/frappe-bench/apps/frappe/frappe/utils/scheduler.py:
Site: site1.local
Queued events for site site1.local
[DEBUG] 2018-10-26 13:15:02,888 | /home/vini/frappe-bench/apps/frappe/frappe/utils/scheduler.py:
Site: site1.local
Queued events for site site1.local
[DEBUG] 2018-10-26 13:16:02,986 | /home/vini/frappe-bench/apps/frappe/frappe/utils/scheduler.py:
Site: site1.local
Queued events for site site1.local
[DEBUG] 2018-10-26 13:17:03,068 | /home/vini/frappe-bench/apps/frappe/frappe/utils/scheduler.py:
Site: site1.local
Queued events for site site1.local
[DEBUG] 2018-10-26 13:18:03,152 | /home/vini/frappe-bench/apps/frappe/frappe/utils/scheduler.py:
Site: site1.local
Queued events for site site1.local
[DEBUG] 2018-10-26 13:19:03,230 | /home/vini/frappe-bench/apps/frappe/frappe/utils/scheduler.py:
Site: site1.local
Queued events for site site1.local
[DEBUG] 2018-10-26 13:20:03,329 | /home/vini/frappe-bench/apps/frappe/frappe/utils/scheduler.py:
Site: site1.local
Queued events for site site1.local
[DEBUG] 2018-10-26 13:21:03,413 | /home/vini/frappe-bench/apps/frappe/frappe/utils/scheduler.py:
Site: site1.local
Queued events for site site1.local
[DEBUG] 2018-10-26 13:22:03,498 | /home/vini/frappe-bench/apps/frappe/frappe/utils/scheduler.py:
Site: site1.local
Queued events for site site1.local
[DEBUG] 2018-10-26 13:23:03,582 | /home/vini/frappe-bench/apps/frappe/frappe/utils/scheduler.py:
Site: site1.local
Queued events for site site1.local
[DEBUG] 2018-10-26 13:24:03,681 | /home/vini/frappe-bench/apps/frappe/frappe/utils/scheduler.py:
Site: site1.local
Queued events for site site1.local
[DEBUG] 2018-10-26 13:25:03,764 | /home/vini/frappe-bench/apps/frappe/frappe/utils/scheduler.py:
Site: site1.local
Queued events for site site1.local
[DEBUG] 2018-10-26 13:26:03,848 | /home/vini/frappe-bench/apps/frappe/frappe/utils/scheduler.py:
Site: site1.local
Queued events for site site1.local
[DEBUG] 2018-10-26 13:27:03,931 | /home/vini/frappe-bench/apps/frappe/frappe/utils/scheduler.py:
Site: site1.local
Queued events for site site1.local
[DEBUG] 2018-10-26 13:28:04,031 | /home/vini/frappe-bench/apps/frappe/frappe/utils/scheduler.py:
Site: site1.local
Queued events for site site1.local
[DEBUG] 2018-10-26 13:29:04,115 | /home/vini/frappe-bench/apps/frappe/frappe/utils/scheduler.py:
Site: site1.local
Queued events for site site1.local
[DEBUG] 2018-10-26 13:30:04,200 | /home/vini/frappe-bench/apps/frappe/frappe/utils/scheduler.py:
Site: site1.local
Queued events for site site1.local
[DEBUG] 2018-10-26 13:31:04,284 | /home/vini/frappe-bench/apps/frappe/frappe/utils/scheduler.py:
Site: site1.local
Queued events for site site1.local
[DEBUG] 2018-10-26 13:32:04,383 | /home/vini/frappe-bench/apps/frappe/frappe/utils/scheduler.py:
Site: site1.local
Queued events for site site1.local
[DEBUG] 2018-10-26 13:33:04,468 | /home/vini/frappe-bench/apps/frappe/frappe/utils/scheduler.py:
Site: site1.local
Queued events for site site1.local
[DEBUG] 2018-10-26 13:34:04,552 | /home/vini/frappe-bench/apps/frappe/frappe/utils/scheduler.py:
Site: site1.local
Queued events for site site1.local
[DEBUG] 2018-10-26 13:35:04,634 | /home/vini/frappe-bench/apps/frappe/frappe/utils/scheduler.py:
Site: site1.local
Queued events for site site1.local
[DEBUG] 2018-10-26 13:36:04,736 | /home/vini/frappe-bench/apps/frappe/frappe/utils/scheduler.py:
Site: site1.local
Queued events for site site1.local
[DEBUG] 2018-10-26 13:37:04,824 | /home/vini/frappe-bench/apps/frappe/frappe/utils/scheduler.py:
Site: site1.local
Queued events for site site1.local
[DEBUG] 2018-10-26 13:38:04,907 | /home/vini/frappe-bench/apps/frappe/frappe/utils/scheduler.py:
Site: site1.local
Queued events for site site1.local
[DEBUG] 2018-10-26 13:39:04,992 | /home/vini/frappe-bench/apps/frappe/frappe/utils/scheduler.py:
Site: site1.local
Queued events for site site1.local
[DEBUG] 2018-10-26 13:39:29,894 | /home/vini/frappe-bench/apps/frappe/frappe/integrations/doctype/webhook/webhook.py:
Site: site1.local
{u'webhook_success': u'{"home_page":"/desk","message":"Logged In","full_name":"Administrator"}'}
[DEBUG] 2018-10-26 13:39:32,038 | /home/vini/frappe-bench/apps/frappe/frappe/integrations/doctype/webhook/webhook.py:
Site: site1.local
{u'webhook_success': u'{"home_page":"/desk","message":"Logged In","full_name":"Administrator"}'}
[DEBUG] 2018-10-26 13:40:05,092 | /home/vini/frappe-bench/apps/frappe/frappe/utils/scheduler.py:
Site: site1.local
Queued events for site site1.local
[DEBUG] 2018-10-26 13:41:05,175 | /home/vini/frappe-bench/apps/frappe/frappe/utils/scheduler.py:
Site: site1.local
Queued events for site site1.local
[DEBUG] 2018-10-26 13:42:05,259 | /home/vini/frappe-bench/apps/frappe/frappe/utils/scheduler.py:
Site: site1.local
Queued events for site site1.local
[DEBUG] 2018-10-26 13:43:05,342 | /home/vini/frappe-bench/apps/frappe/frappe/utils/scheduler.py:
Site: site1.local
Queued events for site site1.local
[DEBUG] 2018-10-26 13:44:05,439 | /home/vini/frappe-bench/apps/frappe/frappe/utils/scheduler.py:
Site: site1.local
Queued events for site site1.local
[DEBUG] 2018-10-26 13:45:05,523 | /home/vini/frappe-bench/apps/frappe/frappe/utils/scheduler.py:
Site: site1.local
Queued events for site site1.local
[DEBUG] 2018-10-26 13:46:05,606 | /home/vini/frappe-bench/apps/frappe/frappe/utils/scheduler.py:
Site: site1.local
Queued events for site site1.local
[DEBUG] 2018-10-26 13:47:05,689 | /home/vini/frappe-bench/apps/frappe/frappe/utils/scheduler.py:
Site: site1.local
Queued events for site site1.local
[DEBUG] 2018-10-26 13:48:05,787 | /home/vini/frappe-bench/apps/frappe/frappe/utils/scheduler.py:
Site: site1.local
Queued events for site site1.local
[DEBUG] 2018-10-26 13:49:05,869 | /home/vini/frappe-bench/apps/frappe/frappe/utils/scheduler.py:
Site: site1.local
Queued events for site site1.local
[DEBUG] 2018-10-26 13:50:05,955 | /home/vini/frappe-bench/apps/frappe/frappe/utils/scheduler.py:
Site: site1.local
Queued events for site site1.local
[DEBUG] 2018-10-26 13:51:06,036 | /home/vini/frappe-bench/apps/frappe/frappe/utils/scheduler.py:
Site: site1.local
Queued events for site site1.local
[DEBUG] 2018-10-26 13:52:06,135 | /home/vini/frappe-bench/apps/frappe/frappe/utils/scheduler.py:
Site: site1.local
Queued events for site site1.local
[DEBUG] 2018-10-26 13:53:06,219 | /home/vini/frappe-bench/apps/frappe/frappe/utils/scheduler.py:
Site: site1.local
Queued events for site site1.local
[DEBUG] 2018-10-26 13:54:06,302 | /home/vini/frappe-bench/apps/frappe/frappe/utils/scheduler.py:
Site: site1.local
Queued events for site site1.local
[DEBUG] 2018-10-26 13:55:06,384 | /home/vini/frappe-bench/apps/frappe/frappe/utils/scheduler.py:
Site: site1.local
Queued events for site site1.local
[DEBUG] 2018-10-26 13:56:06,482 | /home/vini/frappe-bench/apps/frappe/frappe/utils/scheduler.py:
Site: site1.local
Queued events for site site1.local
[DEBUG] 2018-10-26 13:57:06,565 | /home/vini/frappe-bench/apps/frappe/frappe/utils/scheduler.py:
Site: site1.local
Queued events for site site1.local
[DEBUG] 2018-10-26 13:58:06,649 | /home/vini/frappe-bench/apps/frappe/frappe/utils/scheduler.py:
Site: site1.local
Queued events for site site1.local
[DEBUG] 2018-10-26 13:59:06,732 | /home/vini/frappe-bench/apps/frappe/frappe/utils/scheduler.py:
Site: site1.local
Queued events for site site1.local
[DEBUG] 2018-10-26 14:00:06,854 | /home/vini/frappe-bench/apps/frappe/frappe/utils/scheduler.py:
Site: site1.local
Queued events for site site1.local
[DEBUG] 2018-10-26 14:01:06,937 | /home/vini/frappe-bench/apps/frappe/frappe/utils/scheduler.py:
Site: site1.local
Queued events for site site1.local
[DEBUG] 2018-10-26 14:02:07,022 | /home/vini/frappe-bench/apps/frappe/frappe/utils/scheduler.py:
Site: site1.local
Queued events for site site1.local
[DEBUG] 2018-10-26 14:03:07,107 | /home/vini/frappe-bench/apps/frappe/frappe/utils/scheduler.py:
Site: site1.local
Queued events for site site1.local
[DEBUG] 2018-10-26 14:04:07,208 | /home/vini/frappe-bench/apps/frappe/frappe/utils/scheduler.py:
Site: site1.local
Queued events for site site1.local
[DEBUG] 2018-10-26 14:05:07,292 | /home/vini/frappe-bench/apps/frappe/frappe/utils/scheduler.py:
Site: site1.local
Queued events for site site1.local
[DEBUG] 2018-10-26 14:06:07,376 | /home/vini/frappe-bench/apps/frappe/frappe/utils/scheduler.py:
Site: site1.local
Queued events for site site1.local
[DEBUG] 2018-10-26 14:07:07,459 | /home/vini/frappe-bench/apps/frappe/frappe/utils/scheduler.py:
Site: site1.local
Queued events for site site1.local
[DEBUG] 2018-10-26 14:08:07,558 | /home/vini/frappe-bench/apps/frappe/frappe/utils/scheduler.py:
Site: site1.local
Queued events for site site1.local
[DEBUG] 2018-10-26 14:09:07,640 | /home/vini/frappe-bench/apps/frappe/frappe/utils/scheduler.py:
Site: site1.local
Queued events for site site1.local
[DEBUG] 2018-10-26 14:10:07,725 | /home/vini/frappe-bench/apps/frappe/frappe/utils/scheduler.py:
Site: site1.local
Queued events for site site1.local
[DEBUG] 2018-10-26 14:11:07,807 | /home/vini/frappe-bench/apps/frappe/frappe/utils/scheduler.py:
Site: site1.local
Queued events for site site1.local
[DEBUG] 2018-10-26 14:12:07,901 | /home/vini/frappe-bench/apps/frappe/frappe/utils/scheduler.py:
Site: site1.local
Queued events for site site1.local
[DEBUG] 2018-10-26 14:13:07,983 | /home/vini/frappe-bench/apps/frappe/frappe/utils/scheduler.py:
Site: site1.local
Queued events for site site1.local
[DEBUG] 2018-10-26 14:14:08,066 | /home/vini/frappe-bench/apps/frappe/frappe/utils/scheduler.py:
Site: site1.local
Queued events for site site1.local
[DEBUG] 2018-10-26 14:15:08,159 | /home/vini/frappe-bench/apps/frappe/frappe/utils/scheduler.py:
Site: site1.local
Queued events for site site1.local
[DEBUG] 2018-10-26 14:16:08,256 | /home/vini/frappe-bench/apps/frappe/frappe/utils/scheduler.py:
Site: site1.local
Queued events for site site1.local
[DEBUG] 2018-10-26 14:17:08,338 | /home/vini/frappe-bench/apps/frappe/frappe/utils/scheduler.py:
Site: site1.local
Queued events for site site1.local
[DEBUG] 2018-10-26 14:18:08,419 | /home/vini/frappe-bench/apps/frappe/frappe/utils/scheduler.py:
Site: site1.local
Queued events for site site1.local
[DEBUG] 2018-10-26 14:19:08,502 | /home/vini/frappe-bench/apps/frappe/frappe/utils/scheduler.py:
Site: site1.local
Queued events for site site1.local
[DEBUG] 2018-10-26 14:20:08,599 | /home/vini/frappe-bench/apps/frappe/frappe/utils/scheduler.py:
Site: site1.local
Queued events for site site1.local
[DEBUG] 2018-10-26 14:21:08,683 | /home/vini/frappe-bench/apps/frappe/frappe/utils/scheduler.py:
Site: site1.local
Queued events for site site1.local
[DEBUG] 2018-10-26 14:22:08,768 | /home/vini/frappe-bench/apps/frappe/frappe/utils/scheduler.py:
Site: site1.local
Queued events for site site1.local
[DEBUG] 2018-10-26 14:23:08,851 | /home/vini/frappe-bench/apps/frappe/frappe/utils/scheduler.py:
Site: site1.local
Queued events for site site1.local
[DEBUG] 2018-10-26 14:24:08,947 | /home/vini/frappe-bench/apps/frappe/frappe/utils/scheduler.py:
Site: site1.local
Queued events for site site1.local
[DEBUG] 2018-10-26 14:25:09,032 | /home/vini/frappe-bench/apps/frappe/frappe/utils/scheduler.py:
Site: site1.local
Queued events for site site1.local
[DEBUG] 2018-10-26 14:26:09,117 | /home/vini/frappe-bench/apps/frappe/frappe/utils/scheduler.py:
Site: site1.local
Queued events for site site1.local
[DEBUG] 2018-10-26 14:27:09,201 | /home/vini/frappe-bench/apps/frappe/frappe/utils/scheduler.py:
Site: site1.local
Queued events for site site1.local
[DEBUG] 2018-10-26 14:28:09,325 | /home/vini/frappe-bench/apps/frappe/frappe/utils/scheduler.py:
Site: site1.local
Queued events for site site1.local
[DEBUG] 2018-10-26 14:29:09,408 | /home/vini/frappe-bench/apps/frappe/frappe/utils/scheduler.py:
Site: site1.local
Queued events for site site1.local
[DEBUG] 2018-10-26 14:30:09,492 | /home/vini/frappe-bench/apps/frappe/frappe/utils/scheduler.py:
Site: site1.local
Queued events for site site1.local
[DEBUG] 2018-10-26 14:31:09,575 | /home/vini/frappe-bench/apps/frappe/frappe/utils/scheduler.py:
Site: site1.local
Queued events for site site1.local
[DEBUG] 2018-10-26 14:32:09,674 | /home/vini/frappe-bench/apps/frappe/frappe/utils/scheduler.py:
Site: site1.local
Queued events for site site1.local
[DEBUG] 2018-10-26 14:33:09,753 | /home/vini/frappe-bench/apps/frappe/frappe/utils/scheduler.py:
Site: site1.local
Queued events for site site1.local
[DEBUG] 2018-10-26 14:34:09,837 | /home/vini/frappe-bench/apps/frappe/frappe/utils/scheduler.py:
Site: site1.local
Queued events for site site1.local
[DEBUG] 2018-10-26 14:35:09,922 | /home/vini/frappe-bench/apps/frappe/frappe/utils/scheduler.py:
Site: site1.local
Queued events for site site1.local
[DEBUG] 2018-10-26 14:36:10,017 | /home/vini/frappe-bench/apps/frappe/frappe/utils/scheduler.py:
Site: site1.local
Queued events for site site1.local
[DEBUG] 2018-10-26 14:37:10,101 | /home/vini/frappe-bench/apps/frappe/frappe/utils/scheduler.py:
Site: site1.local
Queued events for site site1.local
[DEBUG] 2018-10-26 14:38:10,187 | /home/vini/frappe-bench/apps/frappe/frappe/utils/scheduler.py:
Site: site1.local
Queued events for site site1.local
[DEBUG] 2018-10-26 14:39:10,273 | /home/vini/frappe-bench/apps/frappe/frappe/utils/scheduler.py:
Site: site1.local
Queued events for site site1.local
[DEBUG] 2018-10-26 14:39:20,905 | /home/vini/frappe-bench/apps/frappe/frappe/integrations/doctype/webhook/webhook.py:
Site: site1.local
{u'webhook_success': u'{"home_page":"/desk","message":"Logged In","full_name":"Administrator"}'}
[DEBUG] 2018-10-26 14:39:28,482 | /home/vini/frappe-bench/apps/frappe/frappe/integrations/doctype/webhook/webhook.py:
Site: site1.local
{u'webhook_success': u'{"home_page":"/desk","message":"Logged In","full_name":"Administrator"}'}
[DEBUG] 2018-10-26 14:40:10,373 | /home/vini/frappe-bench/apps/frappe/frappe/utils/scheduler.py:
Site: site1.local
Queued events for site site1.local
[DEBUG] 2018-10-26 14:41:10,456 | /home/vini/frappe-bench/apps/frappe/frappe/utils/scheduler.py:
Site: site1.local
Queued events for site site1.local
[DEBUG] 2018-10-26 14:42:10,539 | /home/vini/frappe-bench/apps/frappe/frappe/utils/scheduler.py:
Site: site1.local
Queued events for site site1.local
[DEBUG] 2018-10-26 14:43:10,620 | /home/vini/frappe-bench/apps/frappe/frappe/utils/scheduler.py:
Site: site1.local
Queued events for site site1.local
[DEBUG] 2018-10-26 14:44:10,714 | /home/vini/frappe-bench/apps/frappe/frappe/utils/scheduler.py:
Site: site1.local
Queued events for site site1.local
[DEBUG] 2018-10-26 14:45:10,799 | /home/vini/frappe-bench/apps/frappe/frappe/utils/scheduler.py:
Site: site1.local
Queued events for site site1.local
[DEBUG] 2018-10-26 14:46:10,882 | /home/vini/frappe-bench/apps/frappe/frappe/utils/scheduler.py:
Site: site1.local
Queued events for site site1.local
[DEBUG] 2018-10-26 14:47:10,966 | /home/vini/frappe-bench/apps/frappe/frappe/utils/scheduler.py:
Site: site1.local
Queued events for site site1.local
[DEBUG] 2018-10-26 14:48:11,064 | /home/vini/frappe-bench/apps/frappe/frappe/utils/scheduler.py:
Site: site1.local
Queued events for site site1.local
[DEBUG] 2018-10-26 14:49:11,146 | /home/vini/frappe-bench/apps/frappe/frappe/utils/scheduler.py:
Site: site1.local
Queued events for site site1.local
[DEBUG] 2018-10-26 14:50:11,230 | /home/vini/frappe-bench/apps/frappe/frappe/utils/scheduler.py:
Site: site1.local
Queued events for site site1.local
[DEBUG] 2018-10-26 14:51:11,313 | /home/vini/frappe-bench/apps/frappe/frappe/utils/scheduler.py:
Site: site1.local
Queued events for site site1.local
[DEBUG] 2018-10-26 14:52:02,428 | /home/vini/frappe-bench/apps/frappe/frappe/integrations/doctype/webhook/webhook.py:
Site: site1.local
{u'webhook_success': u'{"home_page":"/desk","message":"Logged In","full_name":"Administrator"}'}
[DEBUG] 2018-10-26 14:52:03,502 | /home/vini/frappe-bench/apps/frappe/frappe/integrations/doctype/webhook/webhook.py:
Site: site1.local
{u'webhook_success': u'{"home_page":"/desk","message":"Logged In","full_name":"Administrator"}'}
[DEBUG] 2018-10-26 14:52:06,471 | /home/vini/frappe-bench/apps/frappe/frappe/integrations/doctype/webhook/webhook.py:
Site: site1.local
{u'webhook_success': u'{"home_page":"/desk","message":"Logged In","full_name":"Administrator"}'}
[DEBUG] 2018-10-26 14:52:11,410 | /home/vini/frappe-bench/apps/frappe/frappe/utils/scheduler.py:
Site: site1.local
Queued events for site site1.local
[DEBUG] 2018-10-26 14:53:11,495 | /home/vini/frappe-bench/apps/frappe/frappe/utils/scheduler.py:
Site: site1.local
Queued events for site site1.local
[DEBUG] 2018-10-26 14:54:11,579 | /home/vini/frappe-bench/apps/frappe/frappe/utils/scheduler.py:
Site: site1.local
Queued events for site site1.local
[DEBUG] 2018-10-26 14:55:11,664 | /home/vini/frappe-bench/apps/frappe/frappe/utils/scheduler.py:
Site: site1.local
Queued events for site site1.local
[DEBUG] 2018-10-26 14:56:11,763 | /home/vini/frappe-bench/apps/frappe/frappe/utils/scheduler.py:
Site: site1.local
Queued events for site site1.local
[DEBUG] 2018-10-26 14:57:11,845 | /home/vini/frappe-bench/apps/frappe/frappe/utils/scheduler.py:
Site: site1.local
Queued events for site site1.local
[DEBUG] 2018-10-26 14:58:11,928 | /home/vini/frappe-bench/apps/frappe/frappe/utils/scheduler.py:
Site: site1.local
Queued events for site site1.local
[DEBUG] 2018-10-26 14:59:12,012 | /home/vini/frappe-bench/apps/frappe/frappe/utils/scheduler.py:
Site: site1.local
Queued events for site site1.local
[DEBUG] 2018-10-26 15:00:12,131 | /home/vini/frappe-bench/apps/frappe/frappe/utils/scheduler.py:
Site: site1.local
Queued events for site site1.local
[DEBUG] 2018-10-26 15:01:12,213 | /home/vini/frappe-bench/apps/frappe/frappe/utils/scheduler.py:
Site: site1.local
Queued events for site site1.local
[DEBUG] 2018-10-26 15:02:12,308 | /home/vini/frappe-bench/apps/frappe/frappe/utils/scheduler.py:
Site: site1.local
Queued events for site site1.local
[DEBUG] 2018-10-26 15:03:12,391 | /home/vini/frappe-bench/apps/frappe/frappe/utils/scheduler.py:
Site: site1.local
Queued events for site site1.local
[DEBUG] 2018-10-26 15:04:12,489 | /home/vini/frappe-bench/apps/frappe/frappe/utils/scheduler.py:
Site: site1.local
Queued events for site site1.local
[DEBUG] 2018-10-26 15:05:12,572 | /home/vini/frappe-bench/apps/frappe/frappe/utils/scheduler.py:
Site: site1.local
Queued events for site site1.local
[DEBUG] 2018-10-26 15:06:12,653 | /home/vini/frappe-bench/apps/frappe/frappe/utils/scheduler.py:
Site: site1.local
Queued events for site site1.local
[DEBUG] 2018-10-26 15:07:12,733 | /home/vini/frappe-bench/apps/frappe/frappe/utils/scheduler.py:
Site: site1.local
Queued events for site site1.local
[DEBUG] 2018-10-26 15:08:12,829 | /home/vini/frappe-bench/apps/frappe/frappe/utils/scheduler.py:
Site: site1.local
Queued events for site site1.local
[DEBUG] 2018-10-26 15:09:12,912 | /home/vini/frappe-bench/apps/frappe/frappe/utils/scheduler.py:
Site: site1.local
Queued events for site site1.local
[DEBUG] 2018-10-26 15:10:12,993 | /home/vini/frappe-bench/apps/frappe/frappe/utils/scheduler.py:
Site: site1.local
Queued events for site site1.local
[DEBUG] 2018-10-26 15:11:13,080 | /home/vini/frappe-bench/apps/frappe/frappe/utils/scheduler.py:
Site: site1.local
Queued events for site site1.local
[DEBUG] 2018-10-26 15:12:13,179 | /home/vini/frappe-bench/apps/frappe/frappe/utils/scheduler.py:
Site: site1.local
Queued events for site site1.local
[DEBUG] 2018-10-26 15:13:13,263 | /home/vini/frappe-bench/apps/frappe/frappe/utils/scheduler.py:
Site: site1.local
Queued events for site site1.local
[DEBUG] 2018-10-26 15:14:13,346 | /home/vini/frappe-bench/apps/frappe/frappe/utils/scheduler.py:
Site: site1.local
Queued events for site site1.local
[DEBUG] 2018-10-26 15:15:13,430 | /home/vini/frappe-bench/apps/frappe/frappe/utils/scheduler.py:
Site: site1.local
Queued events for site site1.local
[DEBUG] 2018-10-26 15:15:37,171 | /home/vini/frappe-bench/apps/frappe/frappe/integrations/doctype/webhook/webhook.py:
Site: site1.local
{u'webhook_success': u'{"home_page":"/desk","message":"Logged In","full_name":"Administrator"}'}
[DEBUG] 2018-10-26 15:15:38,655 | /home/vini/frappe-bench/apps/frappe/frappe/integrations/doctype/webhook/webhook.py:
Site: site1.local
{u'webhook_success': u'{"home_page":"/desk","message":"Logged In","full_name":"Administrator"}'}
[DEBUG] 2018-10-26 15:16:13,526 | /home/vini/frappe-bench/apps/frappe/frappe/utils/scheduler.py:
Site: site1.local
Queued events for site site1.local
[DEBUG] 2018-10-26 15:17:13,609 | /home/vini/frappe-bench/apps/frappe/frappe/utils/scheduler.py:
Site: site1.local
Queued events for site site1.local
[DEBUG] 2018-10-26 15:18:13,693 | /home/vini/frappe-bench/apps/frappe/frappe/utils/scheduler.py:
Site: site1.local
Queued events for site site1.local
[DEBUG] 2018-10-26 15:19:13,773 | /home/vini/frappe-bench/apps/frappe/frappe/utils/scheduler.py:
Site: site1.local
Queued events for site site1.local
[DEBUG] 2018-10-26 15:20:07,770 | /home/vini/frappe-bench/apps/frappe/frappe/integrations/doctype/webhook/webhook.py:
Site: site1.local
{u'webhook_success': u'{"home_page":"/desk","message":"Logged In","full_name":"Administrator"}'}
[DEBUG] 2018-10-26 15:20:13,871 | /home/vini/frappe-bench/apps/frappe/frappe/utils/scheduler.py:
Site: site1.local
Queued events for site site1.local
[DEBUG] 2018-10-26 15:21:13,954 | /home/vini/frappe-bench/apps/frappe/frappe/utils/scheduler.py:
Site: site1.local
Queued events for site site1.local
[DEBUG] 2018-10-26 15:22:14,035 | /home/vini/frappe-bench/apps/frappe/frappe/utils/scheduler.py:
Site: site1.local
Queued events for site site1.local
[DEBUG] 2018-10-26 15:23:14,120 | /home/vini/frappe-bench/apps/frappe/frappe/utils/scheduler.py:
Site: site1.local
Queued events for site site1.local
[DEBUG] 2018-10-26 15:24:14,219 | /home/vini/frappe-bench/apps/frappe/frappe/utils/scheduler.py:
Site: site1.local
Queued events for site site1.local
[DEBUG] 2018-10-26 15:25:14,302 | /home/vini/frappe-bench/apps/frappe/frappe/utils/scheduler.py:
Site: site1.local
Queued events for site site1.local
[DEBUG] 2018-10-26 15:26:14,385 | /home/vini/frappe-bench/apps/frappe/frappe/utils/scheduler.py:
Site: site1.local
Queued events for site site1.local
[DEBUG] 2018-10-26 15:27:14,467 | /home/vini/frappe-bench/apps/frappe/frappe/utils/scheduler.py:
Site: site1.local
Queued events for site site1.local
[DEBUG] 2018-10-26 15:27:42,187 | /home/vini/frappe-bench/apps/frappe/frappe/integrations/doctype/webhook/webhook.py:
Site: site1.local
{u'webhook_success': u'{"home_page":"/desk","message":"Logged In","full_name":"Administrator"}'}
[DEBUG] 2018-10-26 15:28:14,565 | /home/vini/frappe-bench/apps/frappe/frappe/utils/scheduler.py:
Site: site1.local
Queued events for site site1.local
[DEBUG] 2018-10-26 15:28:25,045 | /home/vini/frappe-bench/apps/frappe/frappe/integrations/doctype/webhook/webhook.py:
Site: site1.local
{u'webhook_success': u'{"home_page":"/desk","message":"Logged In","full_name":"Administrator"}'}
[DEBUG] 2018-10-26 15:28:39,473 | /home/vini/frappe-bench/apps/frappe/frappe/integrations/doctype/webhook/webhook.py:
Site: site1.local
{u'webhook_success': u'{"home_page":"/desk","message":"Logged In","full_name":"Administrator"}'}
[DEBUG] 2018-10-26 15:28:55,708 | /home/vini/frappe-bench/apps/frappe/frappe/integrations/doctype/webhook/webhook.py:
Site: site1.local
{u'webhook_success': u'{"home_page":"/desk","message":"Logged In","full_name":"Administrator"}'}
[DEBUG] 2018-10-26 15:29:10,330 | /home/vini/frappe-bench/apps/frappe/frappe/integrations/doctype/webhook/webhook.py:
Site: site1.local
{u'webhook_success': u'{"home_page":"/desk","message":"Logged In","full_name":"Administrator"}'}
[DEBUG] 2018-10-26 15:29:14,646 | /home/vini/frappe-bench/apps/frappe/frappe/utils/scheduler.py:
Site: site1.local
Queued events for site site1.local
[DEBUG] 2018-10-26 15:29:21,383 | /home/vini/frappe-bench/apps/frappe/frappe/integrations/doctype/webhook/webhook.py:
Site: site1.local
{u'webhook_success': u'{"home_page":"/desk","message":"Logged In","full_name":"Administrator"}'}
[DEBUG] 2018-10-26 15:29:37,239 | /home/vini/frappe-bench/apps/frappe/frappe/integrations/doctype/webhook/webhook.py:
Site: site1.local
{u'webhook_success': u'{"home_page":"/desk","message":"Logged In","full_name":"Administrator"}'}
[DEBUG] 2018-10-26 15:29:52,283 | /home/vini/frappe-bench/apps/frappe/frappe/integrations/doctype/webhook/webhook.py:
Site: site1.local
{u'webhook_success': u'{"home_page":"/desk","message":"Logged In","full_name":"Administrator"}'}
[DEBUG] 2018-10-26 15:30:05,121 | /home/vini/frappe-bench/apps/frappe/frappe/integrations/doctype/webhook/webhook.py:
Site: site1.local
{u'webhook_success': u'{"home_page":"/desk","message":"Logged In","full_name":"Administrator"}'}
[DEBUG] 2018-10-26 15:30:14,729 | /home/vini/frappe-bench/apps/frappe/frappe/utils/scheduler.py:
Site: site1.local
Queued events for site site1.local
[DEBUG] 2018-10-26 15:30:31,633 | /home/vini/frappe-bench/apps/frappe/frappe/integrations/doctype/webhook/webhook.py:
Site: site1.local
{u'webhook_success': u'{"home_page":"/desk","message":"Logged In","full_name":"Administrator"}'}
[DEBUG] 2018-10-26 15:30:56,152 | /home/vini/frappe-bench/apps/frappe/frappe/integrations/doctype/webhook/webhook.py:
Site: site1.local
{u'webhook_success': u'{"home_page":"/desk","message":"Logged In","full_name":"Administrator"}'}
[DEBUG] 2018-10-26 15:31:06,360 | /home/vini/frappe-bench/apps/frappe/frappe/integrations/doctype/webhook/webhook.py:
Site: site1.local
{u'webhook_success': u'{"home_page":"/desk","message":"Logged In","full_name":"Administrator"}'}
[DEBUG] 2018-10-26 15:31:14,813 | /home/vini/frappe-bench/apps/frappe/frappe/utils/scheduler.py:
Site: site1.local
Queued events for site site1.local
[DEBUG] 2018-10-26 15:32:09,543 | /home/vini/frappe-bench/apps/frappe/frappe/integrations/doctype/webhook/webhook.py:
Site: site1.local
{u'webhook_success': u'{"home_page":"/desk","message":"Logged In","full_name":"Administrator"}'}
[DEBUG] 2018-10-26 15:32:14,911 | /home/vini/frappe-bench/apps/frappe/frappe/utils/scheduler.py:
Site: site1.local
Queued events for site site1.local
[DEBUG] 2018-10-26 15:32:21,839 | /home/vini/frappe-bench/apps/frappe/frappe/integrations/doctype/webhook/webhook.py:
Site: site1.local
{u'webhook_success': u'{"home_page":"/desk","message":"Logged In","full_name":"Administrator"}'}
[DEBUG] 2018-10-26 15:32:31,886 | /home/vini/frappe-bench/apps/frappe/frappe/integrations/doctype/webhook/webhook.py:
Site: site1.local
{u'webhook_success': u'{"home_page":"/desk","message":"Logged In","full_name":"Administrator"}'}
[DEBUG] 2018-10-26 15:32:38,230 | /home/vini/frappe-bench/apps/frappe/frappe/integrations/doctype/webhook/webhook.py:
Site: site1.local
{u'webhook_success': u'{"home_page":"/desk","message":"Logged In","full_name":"Administrator"}'}
[DEBUG] 2018-10-26 15:32:46,756 | /home/vini/frappe-bench/apps/frappe/frappe/integrations/doctype/webhook/webhook.py:
Site: site1.local
{u'webhook_success': u'{"home_page":"/desk","message":"Logged In","full_name":"Administrator"}'}
[DEBUG] 2018-10-26 15:32:57,125 | /home/vini/frappe-bench/apps/frappe/frappe/integrations/doctype/webhook/webhook.py:
Site: site1.local
{u'webhook_success': u'{"home_page":"/desk","message":"Logged In","full_name":"Administrator"}'}
[DEBUG] 2018-10-26 15:33:03,902 | /home/vini/frappe-bench/apps/frappe/frappe/integrations/doctype/webhook/webhook.py:
Site: site1.local
{u'webhook_success': u'{"home_page":"/desk","message":"Logged In","full_name":"Administrator"}'}
[DEBUG] 2018-10-26 15:33:10,739 | /home/vini/frappe-bench/apps/frappe/frappe/integrations/doctype/webhook/webhook.py:
Site: site1.local
{u'webhook_success': u'{"home_page":"/desk","message":"Logged In","full_name":"Administrator"}'}
[DEBUG] 2018-10-26 15:33:14,992 | /home/vini/frappe-bench/apps/frappe/frappe/utils/scheduler.py:
Site: site1.local
Queued events for site site1.local
[DEBUG] 2018-10-26 15:33:16,360 | /home/vini/frappe-bench/apps/frappe/frappe/integrations/doctype/webhook/webhook.py:
Site: site1.local
{u'webhook_success': u'{"home_page":"/desk","message":"Logged In","full_name":"Administrator"}'}
[DEBUG] 2018-10-26 15:33:25,199 | /home/vini/frappe-bench/apps/frappe/frappe/integrations/doctype/webhook/webhook.py:
Site: site1.local
{u'webhook_success': u'{"home_page":"/desk","message":"Logged In","full_name":"Administrator"}'}
[DEBUG] 2018-10-26 15:33:41,174 | /home/vini/frappe-bench/apps/frappe/frappe/integrations/doctype/webhook/webhook.py:
Site: site1.local
{u'webhook_success': u'{"home_page":"/desk","message":"Logged In","full_name":"Administrator"}'}
[DEBUG] 2018-10-26 15:33:48,242 | /home/vini/frappe-bench/apps/frappe/frappe/integrations/doctype/webhook/webhook.py:
Site: site1.local
{u'webhook_success': u'{"home_page":"/desk","message":"Logged In","full_name":"Administrator"}'}
[DEBUG] 2018-10-26 15:33:53,496 | /home/vini/frappe-bench/apps/frappe/frappe/integrations/doctype/webhook/webhook.py:
Site: site1.local
{u'webhook_success': u'{"home_page":"/desk","message":"Logged In","full_name":"Administrator"}'}
[DEBUG] 2018-10-26 15:34:00,685 | /home/vini/frappe-bench/apps/frappe/frappe/integrations/doctype/webhook/webhook.py:
Site: site1.local
{u'webhook_success': u'{"home_page":"/desk","message":"Logged In","full_name":"Administrator"}'}
[DEBUG] 2018-10-26 15:34:09,073 | /home/vini/frappe-bench/apps/frappe/frappe/integrations/doctype/webhook/webhook.py:
Site: site1.local
{u'webhook_success': u'{"home_page":"/desk","message":"Logged In","full_name":"Administrator"}'}
[DEBUG] 2018-10-26 15:34:15,076 | /home/vini/frappe-bench/apps/frappe/frappe/utils/scheduler.py:
Site: site1.local
Queued events for site site1.local
[DEBUG] 2018-10-26 15:34:33,043 | /home/vini/frappe-bench/apps/frappe/frappe/integrations/doctype/webhook/webhook.py:
Site: site1.local
{u'webhook_success': u'{"home_page":"/desk","message":"Logged In","full_name":"Administrator"}'}
[DEBUG] 2018-10-26 15:34:35,268 | /home/vini/frappe-bench/apps/frappe/frappe/integrations/doctype/webhook/webhook.py:
Site: site1.local
{u'webhook_success': u'{"home_page":"/desk","message":"Logged In","full_name":"Administrator"}'}
[DEBUG] 2018-10-26 15:34:38,065 | /home/vini/frappe-bench/apps/frappe/frappe/integrations/doctype/webhook/webhook.py:
Site: site1.local
{u'webhook_success': u'{"home_page":"/desk","message":"Logged In","full_name":"Administrator"}'}
[DEBUG] 2018-10-26 15:34:40,278 | /home/vini/frappe-bench/apps/frappe/frappe/integrations/doctype/webhook/webhook.py:
Site: site1.local
{u'webhook_success': u'{"home_page":"/desk","message":"Logged In","full_name":"Administrator"}'}
[DEBUG] 2018-10-26 15:34:44,751 | /home/vini/frappe-bench/apps/frappe/frappe/integrations/doctype/webhook/webhook.py:
Site: site1.local
{u'webhook_success': u'{"home_page":"/desk","message":"Logged In","full_name":"Administrator"}'}
[DEBUG] 2018-10-26 15:34:47,176 | /home/vini/frappe-bench/apps/frappe/frappe/integrations/doctype/webhook/webhook.py:
Site: site1.local
{u'webhook_success': u'{"home_page":"/desk","message":"Logged In","full_name":"Administrator"}'}
[DEBUG] 2018-10-26 15:34:49,888 | /home/vini/frappe-bench/apps/frappe/frappe/integrations/doctype/webhook/webhook.py:
Site: site1.local
{u'webhook_success': u'{"home_page":"/desk","message":"Logged In","full_name":"Administrator"}'}
[DEBUG] 2018-10-26 15:34:52,138 | /home/vini/frappe-bench/apps/frappe/frappe/integrations/doctype/webhook/webhook.py:
Site: site1.local
{u'webhook_success': u'{"home_page":"/desk","message":"Logged In","full_name":"Administrator"}'}
[DEBUG] 2018-10-26 15:34:54,577 | /home/vini/frappe-bench/apps/frappe/frappe/integrations/doctype/webhook/webhook.py:
Site: site1.local
{u'webhook_success': u'{"home_page":"/desk","message":"Logged In","full_name":"Administrator"}'}
[DEBUG] 2018-10-26 15:34:56,683 | /home/vini/frappe-bench/apps/frappe/frappe/integrations/doctype/webhook/webhook.py:
Site: site1.local
{u'webhook_success': u'{"home_page":"/desk","message":"Logged In","full_name":"Administrator"}'}
[DEBUG] 2018-10-26 15:34:58,638 | /home/vini/frappe-bench/apps/frappe/frappe/integrations/doctype/webhook/webhook.py:
Site: site1.local
{u'webhook_success': u'{"home_page":"/desk","message":"Logged In","full_name":"Administrator"}'}
[DEBUG] 2018-10-26 15:35:00,979 | /home/vini/frappe-bench/apps/frappe/frappe/integrations/doctype/webhook/webhook.py:
Site: site1.local
{u'webhook_success': u'{"home_page":"/desk","message":"Logged In","full_name":"Administrator"}'}
[DEBUG] 2018-10-26 15:35:15,159 | /home/vini/frappe-bench/apps/frappe/frappe/utils/scheduler.py:
Site: site1.local
Queued events for site site1.local
[DEBUG] 2018-10-26 15:36:15,262 | /home/vini/frappe-bench/apps/frappe/frappe/utils/scheduler.py:
Site: site1.local
Queued events for site site1.local
[DEBUG] 2018-10-26 15:37:15,344 | /home/vini/frappe-bench/apps/frappe/frappe/utils/scheduler.py:
Site: site1.local
Queued events for site site1.local
[DEBUG] 2018-10-26 15:38:15,426 | /home/vini/frappe-bench/apps/frappe/frappe/utils/scheduler.py:
Site: site1.local
Queued events for site site1.local
[DEBUG] 2018-10-26 15:39:15,510 | /home/vini/frappe-bench/apps/frappe/frappe/utils/scheduler.py:
Site: site1.local
Queued events for site site1.local
[DEBUG] 2018-10-26 15:40:15,609 | /home/vini/frappe-bench/apps/frappe/frappe/utils/scheduler.py:
Site: site1.local
Queued events for site site1.local
[DEBUG] 2018-10-26 15:41:15,693 | /home/vini/frappe-bench/apps/frappe/frappe/utils/scheduler.py:
Site: site1.local
Queued events for site site1.local
[DEBUG] 2018-10-26 15:42:15,823 | /home/vini/frappe-bench/apps/frappe/frappe/utils/scheduler.py:
Site: site1.local
Queued events for site site1.local
[DEBUG] 2018-10-26 15:43:15,906 | /home/vini/frappe-bench/apps/frappe/frappe/utils/scheduler.py:
Site: site1.local
Queued events for site site1.local
[DEBUG] 2018-10-26 15:44:16,005 | /home/vini/frappe-bench/apps/frappe/frappe/utils/scheduler.py:
Site: site1.local
Queued events for site site1.local
[DEBUG] 2018-10-26 15:45:07,416 | /home/vini/frappe-bench/apps/frappe/frappe/integrations/doctype/webhook/webhook.py:
Site: site1.local
{u'webhook_success': u'{"home_page":"/desk","message":"Logged In","full_name":"Administrator"}'}
[DEBUG] 2018-10-26 15:45:12,111 | /home/vini/frappe-bench/apps/frappe/frappe/integrations/doctype/webhook/webhook.py:
Site: site1.local
{u'webhook_success': u'{"home_page":"/desk","message":"Logged In","full_name":"Administrator"}'}
[DEBUG] 2018-10-26 15:45:16,089 | /home/vini/frappe-bench/apps/frappe/frappe/utils/scheduler.py:
Site: site1.local
Queued events for site site1.local
[DEBUG] 2018-10-26 15:45:45,406 | /home/vini/frappe-bench/apps/frappe/frappe/integrations/doctype/webhook/webhook.py:
Site: site1.local
{u'webhook_success': u'{"home_page":"/desk","message":"Logged In","full_name":"Administrator"}'}
[DEBUG] 2018-10-26 15:45:49,561 | /home/vini/frappe-bench/apps/frappe/frappe/integrations/doctype/webhook/webhook.py:
Site: site1.local
{u'webhook_success': u'{"home_page":"/desk","message":"Logged In","full_name":"Administrator"}'}
[DEBUG] 2018-10-26 15:46:06,456 | /home/vini/frappe-bench/apps/frappe/frappe/integrations/doctype/webhook/webhook.py:
Site: site1.local
{u'webhook_success': u'{"home_page":"/desk","message":"Logged In","full_name":"Administrator"}'}
[DEBUG] 2018-10-26 15:46:10,960 | /home/vini/frappe-bench/apps/frappe/frappe/integrations/doctype/webhook/webhook.py:
Site: site1.local
{u'webhook_success': u'{"home_page":"/desk","message":"Logged In","full_name":"Administrator"}'}
[DEBUG] 2018-10-26 15:46:16,170 | /home/vini/frappe-bench/apps/frappe/frappe/utils/scheduler.py:
Site: site1.local
Queued events for site site1.local
[DEBUG] 2018-10-26 15:46:35,857 | /home/vini/frappe-bench/apps/frappe/frappe/integrations/doctype/webhook/webhook.py:
Site: site1.local
{u'webhook_success': u'{"home_page":"/desk","message":"Logged In","full_name":"Administrator"}'}
[DEBUG] 2018-10-26 15:46:47,938 | /home/vini/frappe-bench/apps/frappe/frappe/integrations/doctype/webhook/webhook.py:
Site: site1.local
{u'webhook_success': u'{"home_page":"/desk","message":"Logged In","full_name":"Administrator"}'}
[DEBUG] 2018-10-26 15:47:16,252 | /home/vini/frappe-bench/apps/frappe/frappe/utils/scheduler.py:
Site: site1.local
Queued events for site site1.local
[DEBUG] 2018-10-26 15:47:18,742 | /home/vini/frappe-bench/apps/frappe/frappe/integrations/doctype/webhook/webhook.py:
Site: site1.local
{u'webhook_success': u'{"home_page":"/desk","message":"Logged In","full_name":"Administrator"}'}
[DEBUG] 2018-10-26 15:47:21,706 | /home/vini/frappe-bench/apps/frappe/frappe/integrations/doctype/webhook/webhook.py:
Site: site1.local
{u'webhook_success': u'{"home_page":"/desk","message":"Logged In","full_name":"Administrator"}'}
[DEBUG] 2018-10-26 15:48:00,271 | /home/vini/frappe-bench/apps/frappe/frappe/integrations/doctype/webhook/webhook.py:
Site: site1.local
{u'webhook_success': u'{"home_page":"/desk","message":"Logged In","full_name":"Administrator"}'}
[DEBUG] 2018-10-26 15:48:04,415 | /home/vini/frappe-bench/apps/frappe/frappe/integrations/doctype/webhook/webhook.py:
Site: site1.local
{u'webhook_success': u'{"home_page":"/desk","message":"Logged In","full_name":"Administrator"}'}
[DEBUG] 2018-10-26 15:48:16,349 | /home/vini/frappe-bench/apps/frappe/frappe/utils/scheduler.py:
Site: site1.local
Queued events for site site1.local
[DEBUG] 2018-10-26 15:48:31,910 | /home/vini/frappe-bench/apps/frappe/frappe/integrations/doctype/webhook/webhook.py:
Site: site1.local
{u'webhook_success': u'{"home_page":"/desk","message":"Logged In","full_name":"Administrator"}'}
[DEBUG] 2018-10-26 15:48:44,739 | /home/vini/frappe-bench/apps/frappe/frappe/integrations/doctype/webhook/webhook.py:
Site: site1.local
{u'webhook_success': u'{"home_page":"/desk","message":"Logged In","full_name":"Administrator"}'}
[DEBUG] 2018-10-26 15:48:47,737 | /home/vini/frappe-bench/apps/frappe/frappe/integrations/doctype/webhook/webhook.py:
Site: site1.local
{u'webhook_success': u'{"home_page":"/desk","message":"Logged In","full_name":"Administrator"}'}
[DEBUG] 2018-10-26 15:49:02,451 | /home/vini/frappe-bench/apps/frappe/frappe/integrations/doctype/webhook/webhook.py:
Site: site1.local
{u'webhook_success': u'{"home_page":"/desk","message":"Logged In","full_name":"Administrator"}'}
[DEBUG] 2018-10-26 15:49:05,214 | /home/vini/frappe-bench/apps/frappe/frappe/integrations/doctype/webhook/webhook.py:
Site: site1.local
{u'webhook_success': u'{"home_page":"/desk","message":"Logged In","full_name":"Administrator"}'}
[DEBUG] 2018-10-26 15:49:16,434 | /home/vini/frappe-bench/apps/frappe/frappe/utils/scheduler.py:
Site: site1.local
Queued events for site site1.local
[DEBUG] 2018-10-26 15:49:17,050 | /home/vini/frappe-bench/apps/frappe/frappe/integrations/doctype/webhook/webhook.py:
Site: site1.local
{u'webhook_success': u'{"home_page":"/desk","message":"Logged In","full_name":"Administrator"}'}
[DEBUG] 2018-10-26 15:49:44,352 | /home/vini/frappe-bench/apps/frappe/frappe/integrations/doctype/webhook/webhook.py:
Site: site1.local
{u'webhook_success': u'{"home_page":"/desk","message":"Logged In","full_name":"Administrator"}'}
[DEBUG] 2018-10-26 15:50:16,518 | /home/vini/frappe-bench/apps/frappe/frappe/utils/scheduler.py:
Site: site1.local
Queued events for site site1.local
[DEBUG] 2018-10-26 15:50:31,369 | /home/vini/frappe-bench/apps/frappe/frappe/integrations/doctype/webhook/webhook.py:
Site: site1.local
{u'webhook_success': u'{"home_page":"/desk","message":"Logged In","full_name":"Administrator"}'}
