events.js:160
      throw er; // Unhandled 'error' event
      ^

Error: Redis connection to localhost:12001 failed - connect ECONNREFUSED 127.0.0.1:12001
    at Object.exports._errnoException (util.js:1020:11)
    at exports._exceptionWithHostPort (util.js:1043:20)
    at TCPConnectWrap.afterConnect [as oncomplete] (net.js:1090:14)
events.js:160
      throw er; // Unhandled 'error' event
      ^

Error: Redis connection to localhost:12001 failed - connect ECONNREFUSED 127.0.0.1:12001
    at Object.exports._errnoException (util.js:1020:11)
    at exports._exceptionWithHostPort (util.js:1043:20)
    at TCPConnectWrap.afterConnect [as oncomplete] (net.js:1090:14)
events.js:160
      throw er; // Unhandled 'error' event
      ^

Error: Redis connection to localhost:12001 failed - connect ECONNREFUSED 127.0.0.1:12001
    at Object.exports._errnoException (util.js:1020:11)
    at exports._exceptionWithHostPort (util.js:1043:20)
    at TCPConnectWrap.afterConnect [as oncomplete] (net.js:1090:14)
events.js:160
      throw er; // Unhandled 'error' event
      ^

Error: Redis connection to localhost:12001 failed - connect ECONNREFUSED 127.0.0.1:12001
    at Object.exports._errnoException (util.js:1020:11)
    at exports._exceptionWithHostPort (util.js:1043:20)
    at TCPConnectWrap.afterConnect [as oncomplete] (net.js:1090:14)
events.js:160
      throw er; // Unhandled 'error' event
      ^

Error: Redis connection to localhost:12001 failed - connect ECONNREFUSED 127.0.0.1:12001
    at Object.exports._errnoException (util.js:1020:11)
    at exports._exceptionWithHostPort (util.js:1043:20)
    at TCPConnectWrap.afterConnect [as oncomplete] (net.js:1090:14)
events.js:160
      throw er; // Unhandled 'error' event
      ^

Error: Redis connection to localhost:12001 failed - connect ECONNREFUSED 127.0.0.1:12001
    at Object.exports._errnoException (util.js:1020:11)
    at exports._exceptionWithHostPort (util.js:1043:20)
    at TCPConnectWrap.afterConnect [as oncomplete] (net.js:1090:14)
events.js:160
      throw er; // Unhandled 'error' event
      ^

Error: Redis connection to localhost:12001 failed - connect ECONNREFUSED 127.0.0.1:12001
    at Object.exports._errnoException (util.js:1020:11)
    at exports._exceptionWithHostPort (util.js:1043:20)
    at TCPConnectWrap.afterConnect [as oncomplete] (net.js:1090:14)
events.js:160
      throw er; // Unhandled 'error' event
      ^

Error: Redis connection to localhost:12001 failed - connect ECONNREFUSED 127.0.0.1:12001
    at Object.exports._errnoException (util.js:1020:11)
    at exports._exceptionWithHostPort (util.js:1043:20)
    at TCPConnectWrap.afterConnect [as oncomplete] (net.js:1090:14)
events.js:160
      throw er; // Unhandled 'error' event
      ^

Error: Redis connection to localhost:12001 failed - connect ECONNREFUSED 127.0.0.1:12001
    at Object.exports._errnoException (util.js:1020:11)
    at exports._exceptionWithHostPort (util.js:1043:20)
    at TCPConnectWrap.afterConnect [as oncomplete] (net.js:1090:14)
events.js:160
      throw er; // Unhandled 'error' event
      ^

Error: Redis connection to localhost:12001 failed - connect ECONNREFUSED 127.0.0.1:12001
    at Object.exports._errnoException (util.js:1020:11)
    at exports._exceptionWithHostPort (util.js:1043:20)
    at TCPConnectWrap.afterConnect [as oncomplete] (net.js:1090:14)
events.js:160
      throw er; // Unhandled 'error' event
      ^

Error: Redis connection to localhost:12001 failed - connect ECONNREFUSED 127.0.0.1:12001
    at Object.exports._errnoException (util.js:1020:11)
    at exports._exceptionWithHostPort (util.js:1043:20)
    at TCPConnectWrap.afterConnect [as oncomplete] (net.js:1090:14)
events.js:160
      throw er; // Unhandled 'error' event
      ^

Error: Redis connection to localhost:12001 failed - connect ECONNREFUSED 127.0.0.1:12001
    at Object.exports._errnoException (util.js:1020:11)
    at exports._exceptionWithHostPort (util.js:1043:20)
    at TCPConnectWrap.afterConnect [as oncomplete] (net.js:1090:14)
events.js:160
      throw er; // Unhandled 'error' event
      ^

Error: Redis connection to localhost:12001 failed - connect ECONNREFUSED 127.0.0.1:12001
    at Object.exports._errnoException (util.js:1020:11)
    at exports._exceptionWithHostPort (util.js:1043:20)
    at TCPConnectWrap.afterConnect [as oncomplete] (net.js:1090:14)
