10994:M 21 Aug 12:19:23.646 # You requested maxclients of 10000 requiring at least 10032 max file descriptors.
10994:M 21 Aug 12:19:23.646 # Server can't set maximum open files to 10032 because of OS error: Operation not permitted.
10994:M 21 Aug 12:19:23.646 # Current maximum open files is 4096. maxclients has been reduced to 4064 to compensate for low ulimit. If you need higher maxclients increase 'ulimit -n'.
                _._                                                  
           _.-``__ ''-._                                             
      _.-``    `.  `_.  ''-._           Redis 3.2.12 (00000000/0) 64 bit
  .-`` .-```.  ```\/    _.,_ ''-._                                   
 (    '      ,       .-`  | `,    )     Running in standalone mode
 |`-._`-...-` __...-.``-._|'` _.-'|     Port: 11001
 |    `-._   `._    /     _.-'    |     PID: 10994
  `-._    `-._  `-./  _.-'    _.-'                                   
 |`-._`-._    `-.__.-'    _.-'_.-'|                                  
 |    `-._`-._        _.-'_.-'    |           http://redis.io        
  `-._    `-._`-.__.-'_.-'    _.-'                                   
 |`-._`-._    `-.__.-'    _.-'_.-'|                                  
 |    `-._`-._        _.-'_.-'    |                                  
  `-._    `-._`-.__.-'_.-'    _.-'                                   
      `-._    `-.__.-'    _.-'                                       
          `-._        _.-'                                           
              `-.__.-'                                               

10994:M 21 Aug 12:19:23.647 # WARNING: The TCP backlog setting of 511 cannot be enforced because /proc/sys/net/core/somaxconn is set to the lower value of 128.
10994:M 21 Aug 12:19:23.647 # Server started, Redis version 3.2.12
10994:M 21 Aug 12:19:23.647 # WARNING overcommit_memory is set to 0! Background save may fail under low memory condition. To fix this issue add 'vm.overcommit_memory = 1' to /etc/sysctl.conf and then reboot or run the command 'sysctl vm.overcommit_memory=1' for this to take effect.
10994:M 21 Aug 12:19:23.648 # WARNING you have Transparent Huge Pages (THP) support enabled in your kernel. This will create latency and memory usage issues with Redis. To fix this issue run the command 'echo never > /sys/kernel/mm/transparent_hugepage/enabled' as root, and add it to your /etc/rc.local in order to retain the setting after a reboot. Redis must be restarted after THP is disabled.
10994:M 21 Aug 12:19:23.648 * The server is now ready to accept connections on port 11001
10994:signal-handler (1534868797) Received SIGTERM scheduling shutdown...
10994:signal-handler (1534868797) Received SIGTERM scheduling shutdown...
10994:M 21 Aug 12:26:37.608 # User requested shutdown...
10994:M 21 Aug 12:26:37.608 * Removing the pid file.
10994:M 21 Aug 12:26:37.608 # Redis is now ready to exit, bye bye...
11889:M 21 Aug 12:26:39.021 # You requested maxclients of 10000 requiring at least 10032 max file descriptors.
11889:M 21 Aug 12:26:39.021 # Server can't set maximum open files to 10032 because of OS error: Operation not permitted.
11889:M 21 Aug 12:26:39.021 # Current maximum open files is 4096. maxclients has been reduced to 4064 to compensate for low ulimit. If you need higher maxclients increase 'ulimit -n'.
                _._                                                  
           _.-``__ ''-._                                             
      _.-``    `.  `_.  ''-._           Redis 3.2.12 (00000000/0) 64 bit
  .-`` .-```.  ```\/    _.,_ ''-._                                   
 (    '      ,       .-`  | `,    )     Running in standalone mode
 |`-._`-...-` __...-.``-._|'` _.-'|     Port: 11001
 |    `-._   `._    /     _.-'    |     PID: 11889
  `-._    `-._  `-./  _.-'    _.-'                                   
 |`-._`-._    `-.__.-'    _.-'_.-'|                                  
 |    `-._`-._        _.-'_.-'    |           http://redis.io        
  `-._    `-._`-.__.-'_.-'    _.-'                                   
 |`-._`-._    `-.__.-'    _.-'_.-'|                                  
 |    `-._`-._        _.-'_.-'    |                                  
  `-._    `-._`-.__.-'_.-'    _.-'                                   
      `-._    `-.__.-'    _.-'                                       
          `-._        _.-'                                           
              `-.__.-'                                               

11889:M 21 Aug 12:26:39.022 # WARNING: The TCP backlog setting of 511 cannot be enforced because /proc/sys/net/core/somaxconn is set to the lower value of 128.
11889:M 21 Aug 12:26:39.022 # Server started, Redis version 3.2.12
11889:M 21 Aug 12:26:39.022 # WARNING overcommit_memory is set to 0! Background save may fail under low memory condition. To fix this issue add 'vm.overcommit_memory = 1' to /etc/sysctl.conf and then reboot or run the command 'sysctl vm.overcommit_memory=1' for this to take effect.
11889:M 21 Aug 12:26:39.023 # WARNING you have Transparent Huge Pages (THP) support enabled in your kernel. This will create latency and memory usage issues with Redis. To fix this issue run the command 'echo never > /sys/kernel/mm/transparent_hugepage/enabled' as root, and add it to your /etc/rc.local in order to retain the setting after a reboot. Redis must be restarted after THP is disabled.
11889:M 21 Aug 12:26:39.023 * The server is now ready to accept connections on port 11001
11889:signal-handler (1534868988) Received SIGTERM scheduling shutdown...
11889:signal-handler (1534868988) Received SIGTERM scheduling shutdown...
11889:M 21 Aug 12:29:49.004 # User requested shutdown...
11889:M 21 Aug 12:29:49.004 * Removing the pid file.
11889:M 21 Aug 12:29:49.004 # Redis is now ready to exit, bye bye...
12177:M 21 Aug 12:29:50.350 # You requested maxclients of 10000 requiring at least 10032 max file descriptors.
12177:M 21 Aug 12:29:50.350 # Server can't set maximum open files to 10032 because of OS error: Operation not permitted.
12177:M 21 Aug 12:29:50.350 # Current maximum open files is 4096. maxclients has been reduced to 4064 to compensate for low ulimit. If you need higher maxclients increase 'ulimit -n'.
                _._                                                  
           _.-``__ ''-._                                             
      _.-``    `.  `_.  ''-._           Redis 3.2.12 (00000000/0) 64 bit
  .-`` .-```.  ```\/    _.,_ ''-._                                   
 (    '      ,       .-`  | `,    )     Running in standalone mode
 |`-._`-...-` __...-.``-._|'` _.-'|     Port: 11001
 |    `-._   `._    /     _.-'    |     PID: 12177
  `-._    `-._  `-./  _.-'    _.-'                                   
 |`-._`-._    `-.__.-'    _.-'_.-'|                                  
 |    `-._`-._        _.-'_.-'    |           http://redis.io        
  `-._    `-._`-.__.-'_.-'    _.-'                                   
 |`-._`-._    `-.__.-'    _.-'_.-'|                                  
 |    `-._`-._        _.-'_.-'    |                                  
  `-._    `-._`-.__.-'_.-'    _.-'                                   
      `-._    `-.__.-'    _.-'                                       
          `-._        _.-'                                           
              `-.__.-'                                               

12177:M 21 Aug 12:29:50.351 # WARNING: The TCP backlog setting of 511 cannot be enforced because /proc/sys/net/core/somaxconn is set to the lower value of 128.
12177:M 21 Aug 12:29:50.351 # Server started, Redis version 3.2.12
12177:M 21 Aug 12:29:50.351 # WARNING overcommit_memory is set to 0! Background save may fail under low memory condition. To fix this issue add 'vm.overcommit_memory = 1' to /etc/sysctl.conf and then reboot or run the command 'sysctl vm.overcommit_memory=1' for this to take effect.
12177:M 21 Aug 12:29:50.351 # WARNING you have Transparent Huge Pages (THP) support enabled in your kernel. This will create latency and memory usage issues with Redis. To fix this issue run the command 'echo never > /sys/kernel/mm/transparent_hugepage/enabled' as root, and add it to your /etc/rc.local in order to retain the setting after a reboot. Redis must be restarted after THP is disabled.
12177:M 21 Aug 12:29:50.351 * The server is now ready to accept connections on port 11001
12177:signal-handler (1534869078) Received SIGTERM scheduling shutdown...
12177:signal-handler (1534869078) Received SIGTERM scheduling shutdown...
12177:M 21 Aug 12:31:18.630 # User requested shutdown...
12177:M 21 Aug 12:31:18.630 * Removing the pid file.
12177:M 21 Aug 12:31:18.630 # Redis is now ready to exit, bye bye...
2218:M 21 Aug 12:48:41.518 # You requested maxclients of 10000 requiring at least 10032 max file descriptors.
2218:M 21 Aug 12:48:41.518 # Server can't set maximum open files to 10032 because of OS error: Operation not permitted.
2218:M 21 Aug 12:48:41.518 # Current maximum open files is 4096. maxclients has been reduced to 4064 to compensate for low ulimit. If you need higher maxclients increase 'ulimit -n'.
                _._                                                  
           _.-``__ ''-._                                             
      _.-``    `.  `_.  ''-._           Redis 3.2.12 (00000000/0) 64 bit
  .-`` .-```.  ```\/    _.,_ ''-._                                   
 (    '      ,       .-`  | `,    )     Running in standalone mode
 |`-._`-...-` __...-.``-._|'` _.-'|     Port: 11001
 |    `-._   `._    /     _.-'    |     PID: 2218
  `-._    `-._  `-./  _.-'    _.-'                                   
 |`-._`-._    `-.__.-'    _.-'_.-'|                                  
 |    `-._`-._        _.-'_.-'    |           http://redis.io        
  `-._    `-._`-.__.-'_.-'    _.-'                                   
 |`-._`-._    `-.__.-'    _.-'_.-'|                                  
 |    `-._`-._        _.-'_.-'    |                                  
  `-._    `-._`-.__.-'_.-'    _.-'                                   
      `-._    `-.__.-'    _.-'                                       
          `-._        _.-'                                           
              `-.__.-'                                               

2218:M 21 Aug 12:48:41.574 # WARNING: The TCP backlog setting of 511 cannot be enforced because /proc/sys/net/core/somaxconn is set to the lower value of 128.
2218:M 21 Aug 12:48:41.574 # Server started, Redis version 3.2.12
2218:M 21 Aug 12:48:41.574 # WARNING overcommit_memory is set to 0! Background save may fail under low memory condition. To fix this issue add 'vm.overcommit_memory = 1' to /etc/sysctl.conf and then reboot or run the command 'sysctl vm.overcommit_memory=1' for this to take effect.
2218:M 21 Aug 12:48:41.574 # WARNING you have Transparent Huge Pages (THP) support enabled in your kernel. This will create latency and memory usage issues with Redis. To fix this issue run the command 'echo never > /sys/kernel/mm/transparent_hugepage/enabled' as root, and add it to your /etc/rc.local in order to retain the setting after a reboot. Redis must be restarted after THP is disabled.
2218:M 21 Aug 12:48:41.574 * The server is now ready to accept connections on port 11001
2218:signal-handler (1534870148) Received SIGTERM scheduling shutdown...
2218:M 21 Aug 12:49:09.029 # User requested shutdown...
2218:M 21 Aug 12:49:09.029 * Removing the pid file.
2218:M 21 Aug 12:49:09.029 # Redis is now ready to exit, bye bye...
2378:M 21 Aug 12:49:10.305 # You requested maxclients of 10000 requiring at least 10032 max file descriptors.
2378:M 21 Aug 12:49:10.305 # Server can't set maximum open files to 10032 because of OS error: Operation not permitted.
2378:M 21 Aug 12:49:10.305 # Current maximum open files is 4096. maxclients has been reduced to 4064 to compensate for low ulimit. If you need higher maxclients increase 'ulimit -n'.
                _._                                                  
           _.-``__ ''-._                                             
      _.-``    `.  `_.  ''-._           Redis 3.2.12 (00000000/0) 64 bit
  .-`` .-```.  ```\/    _.,_ ''-._                                   
 (    '      ,       .-`  | `,    )     Running in standalone mode
 |`-._`-...-` __...-.``-._|'` _.-'|     Port: 11001
 |    `-._   `._    /     _.-'    |     PID: 2378
  `-._    `-._  `-./  _.-'    _.-'                                   
 |`-._`-._    `-.__.-'    _.-'_.-'|                                  
 |    `-._`-._        _.-'_.-'    |           http://redis.io        
  `-._    `-._`-.__.-'_.-'    _.-'                                   
 |`-._`-._    `-.__.-'    _.-'_.-'|                                  
 |    `-._`-._        _.-'_.-'    |                                  
  `-._    `-._`-.__.-'_.-'    _.-'                                   
      `-._    `-.__.-'    _.-'                                       
          `-._        _.-'                                           
              `-.__.-'                                               

2378:M 21 Aug 12:49:10.306 # WARNING: The TCP backlog setting of 511 cannot be enforced because /proc/sys/net/core/somaxconn is set to the lower value of 128.
2378:M 21 Aug 12:49:10.306 # Server started, Redis version 3.2.12
2378:M 21 Aug 12:49:10.306 # WARNING overcommit_memory is set to 0! Background save may fail under low memory condition. To fix this issue add 'vm.overcommit_memory = 1' to /etc/sysctl.conf and then reboot or run the command 'sysctl vm.overcommit_memory=1' for this to take effect.
2378:M 21 Aug 12:49:10.307 # WARNING you have Transparent Huge Pages (THP) support enabled in your kernel. This will create latency and memory usage issues with Redis. To fix this issue run the command 'echo never > /sys/kernel/mm/transparent_hugepage/enabled' as root, and add it to your /etc/rc.local in order to retain the setting after a reboot. Redis must be restarted after THP is disabled.
2378:M 21 Aug 12:49:10.307 * The server is now ready to accept connections on port 11001
2378:signal-handler (1534870488) Received SIGTERM scheduling shutdown...
2378:signal-handler (1534870488) Received SIGTERM scheduling shutdown...
2378:M 21 Aug 12:54:48.577 # User requested shutdown...
2378:M 21 Aug 12:54:48.577 * Removing the pid file.
2378:M 21 Aug 12:54:48.577 # Redis is now ready to exit, bye bye...
3261:M 21 Aug 12:58:58.026 # You requested maxclients of 10000 requiring at least 10032 max file descriptors.
3261:M 21 Aug 12:58:58.026 # Server can't set maximum open files to 10032 because of OS error: Operation not permitted.
3261:M 21 Aug 12:58:58.026 # Current maximum open files is 4096. maxclients has been reduced to 4064 to compensate for low ulimit. If you need higher maxclients increase 'ulimit -n'.
                _._                                                  
           _.-``__ ''-._                                             
      _.-``    `.  `_.  ''-._           Redis 3.2.12 (00000000/0) 64 bit
  .-`` .-```.  ```\/    _.,_ ''-._                                   
 (    '      ,       .-`  | `,    )     Running in standalone mode
 |`-._`-...-` __...-.``-._|'` _.-'|     Port: 11001
 |    `-._   `._    /     _.-'    |     PID: 3261
  `-._    `-._  `-./  _.-'    _.-'                                   
 |`-._`-._    `-.__.-'    _.-'_.-'|                                  
 |    `-._`-._        _.-'_.-'    |           http://redis.io        
  `-._    `-._`-.__.-'_.-'    _.-'                                   
 |`-._`-._    `-.__.-'    _.-'_.-'|                                  
 |    `-._`-._        _.-'_.-'    |                                  
  `-._    `-._`-.__.-'_.-'    _.-'                                   
      `-._    `-.__.-'    _.-'                                       
          `-._        _.-'                                           
              `-.__.-'                                               

3261:M 21 Aug 12:58:58.027 # WARNING: The TCP backlog setting of 511 cannot be enforced because /proc/sys/net/core/somaxconn is set to the lower value of 128.
3261:M 21 Aug 12:58:58.027 # Server started, Redis version 3.2.12
3261:M 21 Aug 12:58:58.027 # WARNING overcommit_memory is set to 0! Background save may fail under low memory condition. To fix this issue add 'vm.overcommit_memory = 1' to /etc/sysctl.conf and then reboot or run the command 'sysctl vm.overcommit_memory=1' for this to take effect.
3261:M 21 Aug 12:58:58.028 # WARNING you have Transparent Huge Pages (THP) support enabled in your kernel. This will create latency and memory usage issues with Redis. To fix this issue run the command 'echo never > /sys/kernel/mm/transparent_hugepage/enabled' as root, and add it to your /etc/rc.local in order to retain the setting after a reboot. Redis must be restarted after THP is disabled.
3261:M 21 Aug 12:58:58.028 * The server is now ready to accept connections on port 11001
3261:signal-handler (1534871465) Received SIGTERM scheduling shutdown...
3261:signal-handler (1534871465) Received SIGTERM scheduling shutdown...
3261:M 21 Aug 13:11:05.683 # User requested shutdown...
3261:M 21 Aug 13:11:05.683 * Removing the pid file.
3261:M 21 Aug 13:11:05.684 # Redis is now ready to exit, bye bye...
18311:M 21 Aug 14:49:57.210 # You requested maxclients of 10000 requiring at least 10032 max file descriptors.
18311:M 21 Aug 14:49:57.210 # Server can't set maximum open files to 10032 because of OS error: Operation not permitted.
18311:M 21 Aug 14:49:57.210 # Current maximum open files is 4096. maxclients has been reduced to 4064 to compensate for low ulimit. If you need higher maxclients increase 'ulimit -n'.
                _._                                                  
           _.-``__ ''-._                                             
      _.-``    `.  `_.  ''-._           Redis 3.2.12 (00000000/0) 64 bit
  .-`` .-```.  ```\/    _.,_ ''-._                                   
 (    '      ,       .-`  | `,    )     Running in standalone mode
 |`-._`-...-` __...-.``-._|'` _.-'|     Port: 11001
 |    `-._   `._    /     _.-'    |     PID: 18311
  `-._    `-._  `-./  _.-'    _.-'                                   
 |`-._`-._    `-.__.-'    _.-'_.-'|                                  
 |    `-._`-._        _.-'_.-'    |           http://redis.io        
  `-._    `-._`-.__.-'_.-'    _.-'                                   
 |`-._`-._    `-.__.-'    _.-'_.-'|                                  
 |    `-._`-._        _.-'_.-'    |                                  
  `-._    `-._`-.__.-'_.-'    _.-'                                   
      `-._    `-.__.-'    _.-'                                       
          `-._        _.-'                                           
              `-.__.-'                                               

18311:M 21 Aug 14:49:57.211 # WARNING: The TCP backlog setting of 511 cannot be enforced because /proc/sys/net/core/somaxconn is set to the lower value of 128.
18311:M 21 Aug 14:49:57.212 # Server started, Redis version 3.2.12
18311:M 21 Aug 14:49:57.212 # WARNING overcommit_memory is set to 0! Background save may fail under low memory condition. To fix this issue add 'vm.overcommit_memory = 1' to /etc/sysctl.conf and then reboot or run the command 'sysctl vm.overcommit_memory=1' for this to take effect.
18311:M 21 Aug 14:49:57.212 # WARNING you have Transparent Huge Pages (THP) support enabled in your kernel. This will create latency and memory usage issues with Redis. To fix this issue run the command 'echo never > /sys/kernel/mm/transparent_hugepage/enabled' as root, and add it to your /etc/rc.local in order to retain the setting after a reboot. Redis must be restarted after THP is disabled.
18311:M 21 Aug 14:49:57.212 * The server is now ready to accept connections on port 11001
18311:signal-handler (1535136967) Received SIGTERM scheduling shutdown...
18311:signal-handler (1535136967) Received SIGTERM scheduling shutdown...
18311:M 24 Aug 14:56:07.461 # User requested shutdown...
18311:M 24 Aug 14:56:07.461 * Removing the pid file.
18311:M 24 Aug 14:56:07.461 # Redis is now ready to exit, bye bye...
2194:M 24 Aug 15:05:45.072 # You requested maxclients of 10000 requiring at least 10032 max file descriptors.
2194:M 24 Aug 15:05:45.072 # Server can't set maximum open files to 10032 because of OS error: Operation not permitted.
2194:M 24 Aug 15:05:45.073 # Current maximum open files is 4096. maxclients has been reduced to 4064 to compensate for low ulimit. If you need higher maxclients increase 'ulimit -n'.
                _._                                                  
           _.-``__ ''-._                                             
      _.-``    `.  `_.  ''-._           Redis 3.2.12 (00000000/0) 64 bit
  .-`` .-```.  ```\/    _.,_ ''-._                                   
 (    '      ,       .-`  | `,    )     Running in standalone mode
 |`-._`-...-` __...-.``-._|'` _.-'|     Port: 11001
 |    `-._   `._    /     _.-'    |     PID: 2194
  `-._    `-._  `-./  _.-'    _.-'                                   
 |`-._`-._    `-.__.-'    _.-'_.-'|                                  
 |    `-._`-._        _.-'_.-'    |           http://redis.io        
  `-._    `-._`-.__.-'_.-'    _.-'                                   
 |`-._`-._    `-.__.-'    _.-'_.-'|                                  
 |    `-._`-._        _.-'_.-'    |                                  
  `-._    `-._`-.__.-'_.-'    _.-'                                   
      `-._    `-.__.-'    _.-'                                       
          `-._        _.-'                                           
              `-.__.-'                                               

2194:M 24 Aug 15:05:45.116 # WARNING: The TCP backlog setting of 511 cannot be enforced because /proc/sys/net/core/somaxconn is set to the lower value of 128.
2194:M 24 Aug 15:05:45.116 # Server started, Redis version 3.2.12
2194:M 24 Aug 15:05:45.116 # WARNING overcommit_memory is set to 0! Background save may fail under low memory condition. To fix this issue add 'vm.overcommit_memory = 1' to /etc/sysctl.conf and then reboot or run the command 'sysctl vm.overcommit_memory=1' for this to take effect.
2194:M 24 Aug 15:05:45.116 # WARNING you have Transparent Huge Pages (THP) support enabled in your kernel. This will create latency and memory usage issues with Redis. To fix this issue run the command 'echo never > /sys/kernel/mm/transparent_hugepage/enabled' as root, and add it to your /etc/rc.local in order to retain the setting after a reboot. Redis must be restarted after THP is disabled.
2194:M 24 Aug 15:05:45.116 * The server is now ready to accept connections on port 11001
2194:signal-handler (1537127772) Received SIGTERM scheduling shutdown...
2194:M 16 Sep 15:56:12.539 # User requested shutdown...
2194:M 16 Sep 15:56:12.539 * Removing the pid file.
2194:M 16 Sep 15:56:12.539 # Redis is now ready to exit, bye bye...
2208:M 16 Sep 16:37:52.620 # You requested maxclients of 10000 requiring at least 10032 max file descriptors.
2208:M 16 Sep 16:37:52.620 # Server can't set maximum open files to 10032 because of OS error: Operation not permitted.
2208:M 16 Sep 16:37:52.620 # Current maximum open files is 4096. maxclients has been reduced to 4064 to compensate for low ulimit. If you need higher maxclients increase 'ulimit -n'.
                _._                                                  
           _.-``__ ''-._                                             
      _.-``    `.  `_.  ''-._           Redis 3.2.12 (00000000/0) 64 bit
  .-`` .-```.  ```\/    _.,_ ''-._                                   
 (    '      ,       .-`  | `,    )     Running in standalone mode
 |`-._`-...-` __...-.``-._|'` _.-'|     Port: 11001
 |    `-._   `._    /     _.-'    |     PID: 2208
  `-._    `-._  `-./  _.-'    _.-'                                   
 |`-._`-._    `-.__.-'    _.-'_.-'|                                  
 |    `-._`-._        _.-'_.-'    |           http://redis.io        
  `-._    `-._`-.__.-'_.-'    _.-'                                   
 |`-._`-._    `-.__.-'    _.-'_.-'|                                  
 |    `-._`-._        _.-'_.-'    |                                  
  `-._    `-._`-.__.-'_.-'    _.-'                                   
      `-._    `-.__.-'    _.-'                                       
          `-._        _.-'                                           
              `-.__.-'                                               

2208:M 16 Sep 16:37:52.755 # WARNING: The TCP backlog setting of 511 cannot be enforced because /proc/sys/net/core/somaxconn is set to the lower value of 128.
2208:M 16 Sep 16:37:52.755 # Server started, Redis version 3.2.12
2208:M 16 Sep 16:37:52.755 # WARNING overcommit_memory is set to 0! Background save may fail under low memory condition. To fix this issue add 'vm.overcommit_memory = 1' to /etc/sysctl.conf and then reboot or run the command 'sysctl vm.overcommit_memory=1' for this to take effect.
2208:M 16 Sep 16:37:52.755 # WARNING you have Transparent Huge Pages (THP) support enabled in your kernel. This will create latency and memory usage issues with Redis. To fix this issue run the command 'echo never > /sys/kernel/mm/transparent_hugepage/enabled' as root, and add it to your /etc/rc.local in order to retain the setting after a reboot. Redis must be restarted after THP is disabled.
2208:M 16 Sep 16:37:52.755 * The server is now ready to accept connections on port 11001
2208:signal-handler (1537130297) Received SIGTERM scheduling shutdown...
2208:signal-handler (1537130297) Received SIGTERM scheduling shutdown...
2208:M 16 Sep 16:38:17.506 # User requested shutdown...
2208:M 16 Sep 16:38:17.506 * Removing the pid file.
2208:M 16 Sep 16:38:17.523 # Redis is now ready to exit, bye bye...
2374:M 16 Sep 16:38:18.908 # You requested maxclients of 10000 requiring at least 10032 max file descriptors.
2374:M 16 Sep 16:38:18.908 # Server can't set maximum open files to 10032 because of OS error: Operation not permitted.
2374:M 16 Sep 16:38:18.908 # Current maximum open files is 4096. maxclients has been reduced to 4064 to compensate for low ulimit. If you need higher maxclients increase 'ulimit -n'.
                _._                                                  
           _.-``__ ''-._                                             
      _.-``    `.  `_.  ''-._           Redis 3.2.12 (00000000/0) 64 bit
  .-`` .-```.  ```\/    _.,_ ''-._                                   
 (    '      ,       .-`  | `,    )     Running in standalone mode
 |`-._`-...-` __...-.``-._|'` _.-'|     Port: 11001
 |    `-._   `._    /     _.-'    |     PID: 2374
  `-._    `-._  `-./  _.-'    _.-'                                   
 |`-._`-._    `-.__.-'    _.-'_.-'|                                  
 |    `-._`-._        _.-'_.-'    |           http://redis.io        
  `-._    `-._`-.__.-'_.-'    _.-'                                   
 |`-._`-._    `-.__.-'    _.-'_.-'|                                  
 |    `-._`-._        _.-'_.-'    |                                  
  `-._    `-._`-.__.-'_.-'    _.-'                                   
      `-._    `-.__.-'    _.-'                                       
          `-._        _.-'                                           
              `-.__.-'                                               

2374:M 16 Sep 16:38:18.909 # WARNING: The TCP backlog setting of 511 cannot be enforced because /proc/sys/net/core/somaxconn is set to the lower value of 128.
2374:M 16 Sep 16:38:18.909 # Server started, Redis version 3.2.12
2374:M 16 Sep 16:38:18.909 # WARNING overcommit_memory is set to 0! Background save may fail under low memory condition. To fix this issue add 'vm.overcommit_memory = 1' to /etc/sysctl.conf and then reboot or run the command 'sysctl vm.overcommit_memory=1' for this to take effect.
2374:M 16 Sep 16:38:18.909 # WARNING you have Transparent Huge Pages (THP) support enabled in your kernel. This will create latency and memory usage issues with Redis. To fix this issue run the command 'echo never > /sys/kernel/mm/transparent_hugepage/enabled' as root, and add it to your /etc/rc.local in order to retain the setting after a reboot. Redis must be restarted after THP is disabled.
2374:M 16 Sep 16:38:18.909 * The server is now ready to accept connections on port 11001
